Log file open, 11/10/20 23:10:49
LogInit: Display: Running engine for game: ArchitectureExplorer
LogPlatformFile: Not using cached read wrapper
LogTaskGraph: Started task graph with 5 named threads and 47 total threads with 3 sets of task threads.
LogStats: Stats thread started at 0.217288
LogD3D11RHI: Loaded GFSDK_Aftermath_Lib.x64.dll
LogICUInternationalization: ICU TimeZone Detection - Raw Offset: +9:00, Platform Override: ''
LogPluginManager: Mounting plugin Paper2D
LogPluginManager: Mounting plugin AISupport
LogPluginManager: Mounting plugin LightPropagationVolume
LogPluginManager: Mounting plugin CameraShakePreviewer
LogPluginManager: Mounting plugin ActorLayerUtilities
LogPluginManager: Mounting plugin AnimationSharing
LogPluginManager: Mounting plugin CLionSourceCodeAccess
LogPluginManager: Mounting plugin CodeLiteSourceCodeAccess
LogPluginManager: Mounting plugin GitSourceControl
LogPluginManager: Mounting plugin KDevelopSourceCodeAccess
LogPluginManager: Mounting plugin NullSourceCodeAccess
LogPluginManager: Mounting plugin PerforceSourceControl
LogPluginManager: Mounting plugin PlasticSourceControl
LogPluginManager: Mounting plugin RiderSourceCodeAccess
LogPluginManager: Mounting plugin SubversionSourceControl
LogPluginManager: Mounting plugin UObjectPlugin
LogPluginManager: Mounting plugin VisualStudioCodeSourceCodeAccess
LogPluginManager: Mounting plugin VisualStudioSourceCodeAccess
LogPluginManager: Mounting plugin XCodeSourceCodeAccess
LogPluginManager: Mounting plugin AssetManagerEditor
LogPluginManager: Mounting plugin CryptoKeys
LogPluginManager: Mounting plugin CurveEditorTools
LogPluginManager: Mounting plugin DataValidation
LogPluginManager: Mounting plugin EditorScriptingUtilities
LogPluginManager: Mounting plugin FacialAnimation
LogPluginManager: Mounting plugin GameplayTagsEditor
LogPluginManager: Mounting plugin GeometryMode
LogPluginManager: Mounting plugin MacGraphicsSwitching
LogPluginManager: Mounting plugin MaterialAnalyzer
LogPluginManager: Mounting plugin MobileLauncherProfileWizard
LogPluginManager: Mounting plugin PluginBrowser
LogPluginManager: Mounting plugin SpeedTreeImporter
LogPluginManager: Mounting plugin DatasmithContent
LogPluginManager: Mounting plugin VariantManagerContent
LogPluginManager: Mounting plugin AlembicImporter
LogPluginManager: Mounting plugin AutomationUtils
LogPluginManager: Mounting plugin BackChannel
LogPluginManager: Mounting plugin ChaosCloth
LogPluginManager: Mounting plugin ChaosClothEditor
LogPluginManager: Mounting plugin ChaosEditor
LogPluginManager: Mounting plugin ChaosNiagara
LogPluginManager: Mounting plugin ChaosSolverPlugin
LogPluginManager: Mounting plugin CharacterAI
LogPluginManager: Mounting plugin GeometryCache
LogPluginManager: Mounting plugin GeometryCollectionPlugin
LogPluginManager: Mounting plugin GeometryProcessing
LogPluginManager: Mounting plugin PlanarCut
LogPluginManager: Mounting plugin PlatformCrypto
LogPluginManager: Mounting plugin ProxyLODPlugin
LogPluginManager: Mounting plugin SkeletalReduction
LogPluginManager: Mounting plugin Niagara
LogPluginManager: Mounting plugin MagicLeap
LogPluginManager: Mounting plugin MagicLeapLightEstimation
LogPluginManager: Mounting plugin MagicLeapMedia
LogPluginManager: Mounting plugin MagicLeapPassableWorld
LogPluginManager: Mounting plugin MLSDK
LogPluginManager: Mounting plugin AndroidMedia
LogPluginManager: Mounting plugin AvfMedia
LogPluginManager: Mounting plugin ImgMedia
LogPluginManager: Mounting plugin MediaCompositing
LogPluginManager: Mounting plugin MediaPlayerEditor
LogPluginManager: Mounting plugin WebMMedia
LogPluginManager: Mounting plugin WmfMedia
LogPluginManager: Mounting plugin MeshPainting
LogPluginManager: Mounting plugin TcpMessaging
LogPluginManager: Mounting plugin UdpMessaging
LogPluginManager: Mounting plugin ActorSequence
LogPluginManager: Mounting plugin LevelSequenceEditor
LogPluginManager: Mounting plugin MatineeToLevelSequence
LogPluginManager: Mounting plugin MovieRenderPipeline
LogPluginManager: Mounting plugin TemplateSequence
LogPluginManager: Mounting plugin NetcodeUnitTest
LogPluginManager: Mounting plugin NUTUnrealEngine4
LogPluginManager: Mounting plugin OnlineSubsystemGooglePlay
LogPluginManager: Mounting plugin OnlineSubsystemIOS
LogPluginManager: Mounting plugin OnlineSubsystem
LogPluginManager: Mounting plugin OnlineSubsystemNull
LogPluginManager: Mounting plugin OnlineSubsystemUtils
LogPluginManager: Mounting plugin LauncherChunkInstaller
LogPluginManager: Mounting plugin AndroidDeviceProfileSelector
LogPluginManager: Mounting plugin AndroidMoviePlayer
LogPluginManager: Mounting plugin AndroidPermission
LogPluginManager: Mounting plugin AppleImageUtils
LogPluginManager: Mounting plugin AppleMoviePlayer
LogPluginManager: Mounting plugin ArchVisCharacter
LogPluginManager: Mounting plugin AssetTags
LogPluginManager: Mounting plugin AudioCapture
LogPluginManager: Mounting plugin CableComponent
LogPluginManager: Mounting plugin CustomMeshComponent
LogPluginManager: Mounting plugin EditableMesh
LogPluginManager: Mounting plugin ExampleDeviceProfileSelector
LogPluginManager: Mounting plugin GoogleCloudMessaging
LogPluginManager: Mounting plugin GooglePAD
LogPluginManager: Mounting plugin IOSDeviceProfileSelector
LogPluginManager: Mounting plugin LinuxDeviceProfileSelector
LogPluginManager: Mounting plugin LocationServicesBPLibrary
LogPluginManager: Mounting plugin MobilePatchingUtils
LogPluginManager: Mounting plugin OculusVR
LogPluginManager: Mounting plugin PhysXVehicles
LogPluginManager: Mounting plugin PostSplashScreen
LogPluginManager: Mounting plugin ProceduralMeshComponent
LogPluginManager: Mounting plugin RuntimePhysXCooking
LogPluginManager: Mounting plugin SignificanceManager
LogPluginManager: Mounting plugin SoundFields
LogPluginManager: Mounting plugin SteamVR
LogPluginManager: Mounting plugin Synthesis
LogPluginManager: Mounting plugin WebMMoviePlayer
LogPluginManager: Mounting plugin WindowsMoviePlayer
LogPluginManager: Mounting plugin ScreenshotTools
LogInit: Using libcurl 7.55.1-DEV
LogInit:  - built for x86_64-pc-win32
LogInit:  - supports SSL with OpenSSL/1.1.1
LogInit:  - supports HTTP deflate (compression) using libz 1.2.8
LogInit:  - other features:
LogInit:      CURL_VERSION_SSL
LogInit:      CURL_VERSION_LIBZ
LogInit:      CURL_VERSION_IPV6
LogInit:      CURL_VERSION_ASYNCHDNS
LogInit:      CURL_VERSION_LARGEFILE
LogInit:      CURL_VERSION_IDN
LogInit:  CurlRequestOptions (configurable via config and command line):
LogInit:  - bVerifyPeer = true  - Libcurl will verify peer certificate
LogInit:  - bUseHttpProxy = false  - Libcurl will NOT use HTTP proxy
LogInit:  - bDontReuseConnections = false  - Libcurl will reuse connections
LogInit:  - MaxHostConnections = 16  - Libcurl will limit the number of connections to a host
LogInit:  - LocalHostAddr = Default
LogInit:  - BufferSize = 65536
LogOnline: OSS: Creating online subsystem instance for: NULL
LogInit: WinSock: version 1.1 (2.2), MaxSocks=32767, MaxUdp=65467
LogOnline: OSS: TryLoadSubsystemAndSetDefault: Loaded subsystem for module [NULL]
LogOculusPluginWrapper: OculusPlugin initialized successfully
LogInit: Build: ++UE4+Release-4.25-CL-14469661
LogInit: Engine Version: 4.25.4-14469661+++UE4+Release-4.25
LogInit: Compatible Engine Version: 4.25.0-13144385+++UE4+Release-4.25
LogInit: Net CL: 13144385
LogInit: OS: Windows 10 (Release 2004) (), CPU: AMD Ryzen 7 2700X Eight-Core Processor         , GPU: NVIDIA GeForce RTX 2080
LogInit: Compiled (64-bit): Oct 11 2020 08:10:49
LogInit: Compiled with Visual C++: 19.24.28315.00
LogInit: Build Configuration: Development
LogInit: Branch Name: ++UE4+Release-4.25
LogInit: Command Line:  -EpicPortal -epicusername=AcerDara1 -epicuserid=9b7b9f6334cb4f3997f519cc7f009a78 -epiclocale=ko
LogInit: Base Directory: C:/Program Files/Epic Games/UE_4.25/Engine/Binaries/Win64/
LogInit: Allocator: TBB
LogInit: Installed Engine Build: 1
LogDevObjectVersion: Number of dev versions registered: 26
LogDevObjectVersion:   Dev-Blueprints (B0D832E4-1F89-4F0D-ACCF-7EB736FD4AA2): 10
LogDevObjectVersion:   Dev-Build (E1C64328-A22C-4D53-A36C-8E866417BD8C): 0
LogDevObjectVersion:   Dev-Core (375EC13C-06E4-48FB-B500-84F0262A717E): 4
LogDevObjectVersion:   Dev-Editor (E4B068ED-F494-42E9-A231-DA0B2E46BB41): 38
LogDevObjectVersion:   Dev-Framework (CFFC743F-43B0-4480-9391-14DF171D2073): 37
LogDevObjectVersion:   Dev-Mobile (B02B49B5-BB20-44E9-A304-32B752E40360): 2
LogDevObjectVersion:   Dev-Networking (A4E4105C-59A1-49B5-A7C5-40C4547EDFEE): 0
LogDevObjectVersion:   Dev-Online (39C831C9-5AE6-47DC-9A44-9C173E1C8E7C): 0
LogDevObjectVersion:   Dev-Physics (78F01B33-EBEA-4F98-B9B4-84EACCB95AA2): 4
LogDevObjectVersion:   Dev-Platform (6631380F-2D4D-43E0-8009-CF276956A95A): 0
LogDevObjectVersion:   Dev-Rendering (12F88B9F-8875-4AFC-A67C-D90C383ABD29): 43
LogDevObjectVersion:   Dev-Sequencer (7B5AE74C-D270-4C10-A958-57980B212A5A): 12
LogDevObjectVersion:   Dev-VR (D7296918-1DD6-4BDD-9DE2-64A83CC13884): 3
LogDevObjectVersion:   Dev-LoadTimes (C2A15278-BFE7-4AFE-6C17-90FF531DF755): 1
LogDevObjectVersion:   Private-Geometry (6EACA3D4-40EC-4CC1-B786-8BED09428FC5): 3
LogDevObjectVersion:   Dev-AnimPhys (29E575DD-E0A3-4627-9D10-D276232CDCEA): 17
LogDevObjectVersion:   Dev-Anim (AF43A65D-7FD3-4947-9873-3E8ED9C1BB05): 7
LogDevObjectVersion:   Dev-ReflectionCapture (6B266CEC-1EC7-4B8F-A30B-E4D90942FC07): 1
LogDevObjectVersion:   Dev-Automation (0DF73D61-A23F-47EA-B727-89E90C41499A): 1
LogDevObjectVersion:   FortniteMain (601D1886-AC64-4F84-AA16-D3DE0DEAC7D6): 31
LogDevObjectVersion:   Dev-Enterprise (9DFFBCD6-494F-0158-E221-12823C92A888): 10
LogDevObjectVersion:   Dev-Niagara (F2AED0AC-9AFE-416F-8664-AA7FFA26D6FC): 1
LogDevObjectVersion:   Dev-Destruction (174F1F0B-B4C6-45A5-B13F-2EE8D0FB917D): 10
LogDevObjectVersion:   Dev-Physics-Ext (35F94A83-E258-406C-A318-09F59610247C): 37
LogDevObjectVersion:   Dev-PhysicsMaterial-Chaos (B68FC16E-8B1B-42E2-B453-215C058844FE): 1
LogDevObjectVersion:   Dev-CineCamera (B2E18506-4273-CFC2-A54E-F4BB758BBA07): 1
LogInit: Presizing for max 25165824 objects, including 0 objects not considered by GC, pre-allocating 0 bytes for permanent pool.
LogConfig: Applying CVar settings from Section [/Script/Engine.StreamingSettings] File [C:/Users/Acer/Documents/Unreal Projects/Architecture_Explorer/ArchitectureExplorer/Saved/Config/Windows/Engine.ini]
LogConfig: Setting CVar [[s.MinBulkDataSizeForAsyncLoading:131072]]
LogConfig: Setting CVar [[s.AsyncLoadingThreadEnabled:0]]
LogConfig: Setting CVar [[s.EventDrivenLoaderEnabled:1]]
LogConfig: Setting CVar [[s.WarnIfTimeLimitExceeded:0]]
LogConfig: Setting CVar [[s.TimeLimitExceededMultiplier:1.5]]
LogConfig: Setting CVar [[s.TimeLimitExceededMinTime:0.005]]
LogConfig: Setting CVar [[s.UseBackgroundLevelStreaming:1]]
LogConfig: Setting CVar [[s.PriorityAsyncLoadingExtraTime:15.0]]
LogConfig: Setting CVar [[s.LevelStreamingActorsUpdateTimeLimit:5.0]]
LogConfig: Setting CVar [[s.PriorityLevelStreamingActorsUpdateExtraTime:5.0]]
LogConfig: Setting CVar [[s.LevelStreamingComponentsRegistrationGranularity:10]]
LogConfig: Setting CVar [[s.UnregisterComponentsTimeLimit:1.0]]
LogConfig: Setting CVar [[s.LevelStreamingComponentsUnregistrationGranularity:5]]
LogConfig: Setting CVar [[s.FlushStreamingOnExit:1]]
LogInit: Object subsystem initialized
LogConfig: Setting CVar [[con.DebugEarlyDefault:1]]
LogConfig: Setting CVar [[r.setres:1280x720]]
[2020.11.10-14.10.50:274][  0]LogConfig: Setting CVar [[r.VSync:0]]
[2020.11.10-14.10.50:274][  0]LogConfig: Setting CVar [[r.RHICmdBypass:0]]
[2020.11.10-14.10.50:274][  0]LogConfig: Applying CVar settings from Section [/Script/Engine.RendererSettings] File [C:/Users/Acer/Documents/Unreal Projects/Architecture_Explorer/ArchitectureExplorer/Saved/Config/Windows/Engine.ini]
[2020.11.10-14.10.50:274][  0]LogConfig: Setting CVar [[r.GPUCrashDebugging:0]]
[2020.11.10-14.10.50:274][  0]LogConfig: Applying CVar settings from Section [/Script/Engine.RendererOverrideSettings] File [C:/Users/Acer/Documents/Unreal Projects/Architecture_Explorer/ArchitectureExplorer/Saved/Config/Windows/Engine.ini]
[2020.11.10-14.10.50:275][  0]LogConfig: Applying CVar settings from Section [/Script/Engine.StreamingSettings] File [C:/Users/Acer/Documents/Unreal Projects/Architecture_Explorer/ArchitectureExplorer/Saved/Config/Windows/Engine.ini]
[2020.11.10-14.10.50:275][  0]LogConfig: Setting CVar [[s.MinBulkDataSizeForAsyncLoading:131072]]
[2020.11.10-14.10.50:275][  0]LogConfig: Setting CVar [[s.AsyncLoadingThreadEnabled:0]]
[2020.11.10-14.10.50:275][  0]LogConfig: Setting CVar [[s.EventDrivenLoaderEnabled:1]]
[2020.11.10-14.10.50:275][  0]LogConfig: Setting CVar [[s.WarnIfTimeLimitExceeded:0]]
[2020.11.10-14.10.50:275][  0]LogConfig: Setting CVar [[s.TimeLimitExceededMultiplier:1.5]]
[2020.11.10-14.10.50:275][  0]LogConfig: Setting CVar [[s.TimeLimitExceededMinTime:0.005]]
[2020.11.10-14.10.50:275][  0]LogConfig: Setting CVar [[s.UseBackgroundLevelStreaming:1]]
[2020.11.10-14.10.50:275][  0]LogConfig: Setting CVar [[s.PriorityAsyncLoadingExtraTime:15.0]]
[2020.11.10-14.10.50:275][  0]LogConfig: Setting CVar [[s.LevelStreamingActorsUpdateTimeLimit:5.0]]
[2020.11.10-14.10.50:275][  0]LogConfig: Setting CVar [[s.PriorityLevelStreamingActorsUpdateExtraTime:5.0]]
[2020.11.10-14.10.50:275][  0]LogConfig: Setting CVar [[s.LevelStreamingComponentsRegistrationGranularity:10]]
[2020.11.10-14.10.50:275][  0]LogConfig: Setting CVar [[s.UnregisterComponentsTimeLimit:1.0]]
[2020.11.10-14.10.50:275][  0]LogConfig: Setting CVar [[s.LevelStreamingComponentsUnregistrationGranularity:5]]
[2020.11.10-14.10.50:275][  0]LogConfig: Setting CVar [[s.FlushStreamingOnExit:1]]
[2020.11.10-14.10.50:275][  0]LogConfig: Applying CVar settings from Section [/Script/Engine.GarbageCollectionSettings] File [C:/Users/Acer/Documents/Unreal Projects/Architecture_Explorer/ArchitectureExplorer/Saved/Config/Windows/Engine.ini]
[2020.11.10-14.10.50:275][  0]LogConfig: Setting CVar [[gc.MaxObjectsNotConsideredByGC:1]]
[2020.11.10-14.10.50:275][  0]LogConfig: Setting CVar [[gc.SizeOfPermanentObjectPool:0]]
[2020.11.10-14.10.50:275][  0]LogConfig: Setting CVar [[gc.FlushStreamingOnGC:0]]
[2020.11.10-14.10.50:275][  0]LogConfig: Setting CVar [[gc.NumRetriesBeforeForcingGC:10]]
[2020.11.10-14.10.50:275][  0]LogConfig: Setting CVar [[gc.AllowParallelGC:1]]
[2020.11.10-14.10.50:275][  0]LogConfig: Setting CVar [[gc.TimeBetweenPurgingPendingKillObjects:61.1]]
[2020.11.10-14.10.50:275][  0]LogConfig: Setting CVar [[gc.MaxObjectsInEditor:25165824]]
[2020.11.10-14.10.50:275][  0]LogConfig: Setting CVar [[gc.IncrementalBeginDestroyEnabled:1]]
[2020.11.10-14.10.50:275][  0]LogConfig: Setting CVar [[gc.CreateGCClusters:1]]
[2020.11.10-14.10.50:275][  0]LogConfig: Setting CVar [[gc.MinGCClusterSize:5]]
[2020.11.10-14.10.50:275][  0]LogConfig: Setting CVar [[gc.ActorClusteringEnabled:0]]
[2020.11.10-14.10.50:275][  0]LogConfig: Setting CVar [[gc.BlueprintClusteringEnabled:0]]
[2020.11.10-14.10.50:275][  0]LogConfig: Setting CVar [[gc.UseDisregardForGCOnDedicatedServers:0]]
[2020.11.10-14.10.50:275][  0]LogConfig: Applying CVar settings from Section [/Script/Engine.NetworkSettings] File [C:/Users/Acer/Documents/Unreal Projects/Architecture_Explorer/ArchitectureExplorer/Saved/Config/Windows/Engine.ini]
[2020.11.10-14.10.50:275][  0]LogConfig: Applying CVar settings from Section [/Script/UnrealEd.CookerSettings] File [C:/Users/Acer/Documents/Unreal Projects/Architecture_Explorer/ArchitectureExplorer/Saved/Config/Windows/Engine.ini]
[2020.11.10-14.10.50:278][  0]LogConfig: Applying CVar settings from Section [ViewDistanceQuality@3] File [C:/Users/Acer/Documents/Unreal Projects/Architecture_Explorer/ArchitectureExplorer/Saved/Config/Windows/Scalability.ini]
[2020.11.10-14.10.50:278][  0]LogConfig: Setting CVar [[r.SkeletalMeshLODBias:0]]
[2020.11.10-14.10.50:278][  0]LogConfig: Setting CVar [[r.ViewDistanceScale:1.0]]
[2020.11.10-14.10.50:278][  0]LogConfig: Applying CVar settings from Section [AntiAliasingQuality@3] File [C:/Users/Acer/Documents/Unreal Projects/Architecture_Explorer/ArchitectureExplorer/Saved/Config/Windows/Scalability.ini]
[2020.11.10-14.10.50:278][  0]LogConfig: Setting CVar [[r.PostProcessAAQuality:4]]
[2020.11.10-14.10.50:278][  0]LogConfig: Applying CVar settings from Section [ShadowQuality@3] File [C:/Users/Acer/Documents/Unreal Projects/Architecture_Explorer/ArchitectureExplorer/Saved/Config/Windows/Scalability.ini]
[2020.11.10-14.10.50:278][  0]LogConfig: Setting CVar [[r.LightFunctionQuality:1]]
[2020.11.10-14.10.50:278][  0]LogConfig: Setting CVar [[r.ShadowQuality:5]]
[2020.11.10-14.10.50:278][  0]LogConfig: Setting CVar [[r.Shadow.CSM.MaxCascades:10]]
[2020.11.10-14.10.50:278][  0]LogConfig: Setting CVar [[r.Shadow.MaxResolution:2048]]
[2020.11.10-14.10.50:278][  0]LogConfig: Setting CVar [[r.Shadow.MaxCSMResolution:2048]]
[2020.11.10-14.10.50:278][  0]LogConfig: Setting CVar [[r.Shadow.RadiusThreshold:0.01]]
[2020.11.10-14.10.50:278][  0]LogConfig: Setting CVar [[r.Shadow.DistanceScale:1.0]]
[2020.11.10-14.10.50:278][  0]LogConfig: Setting CVar [[r.Shadow.CSM.TransitionScale:1.0]]
[2020.11.10-14.10.50:278][  0]LogConfig: Setting CVar [[r.Shadow.PreShadowResolutionFactor:1.0]]
[2020.11.10-14.10.50:278][  0]LogConfig: Setting CVar [[r.DistanceFieldShadowing:1]]
[2020.11.10-14.10.50:278][  0]LogConfig: Setting CVar [[r.DistanceFieldAO:1]]
[2020.11.10-14.10.50:278][  0]LogConfig: Setting CVar [[r.AOQuality:2]]
[2020.11.10-14.10.50:278][  0]LogConfig: Setting CVar [[r.VolumetricFog:1]]
[2020.11.10-14.10.50:278][  0]LogConfig: Setting CVar [[r.VolumetricFog.GridPixelSize:8]]
[2020.11.10-14.10.50:278][  0]LogConfig: Setting CVar [[r.VolumetricFog.GridSizeZ:128]]
[2020.11.10-14.10.50:278][  0]LogConfig: Setting CVar [[r.VolumetricFog.HistoryMissSupersampleCount:4]]
[2020.11.10-14.10.50:278][  0]LogConfig: Setting CVar [[r.LightMaxDrawDistanceScale:1]]
[2020.11.10-14.10.50:278][  0]LogConfig: Setting CVar [[r.CapsuleShadows:1]]
[2020.11.10-14.10.50:278][  0]LogConfig: Applying CVar settings from Section [PostProcessQuality@3] File [C:/Users/Acer/Documents/Unreal Projects/Architecture_Explorer/ArchitectureExplorer/Saved/Config/Windows/Scalability.ini]
[2020.11.10-14.10.50:278][  0]LogConfig: Setting CVar [[r.MotionBlurQuality:4]]
[2020.11.10-14.10.50:278][  0]LogConfig: Setting CVar [[r.AmbientOcclusionMipLevelFactor:0.4]]
[2020.11.10-14.10.50:278][  0]LogConfig: Setting CVar [[r.AmbientOcclusionMaxQuality:100]]
[2020.11.10-14.10.50:278][  0]LogConfig: Setting CVar [[r.AmbientOcclusionLevels:-1]]
[2020.11.10-14.10.50:278][  0]LogConfig: Setting CVar [[r.AmbientOcclusionRadiusScale:1.0]]
[2020.11.10-14.10.50:278][  0]LogConfig: Setting CVar [[r.DepthOfFieldQuality:2]]
[2020.11.10-14.10.50:278][  0]LogConfig: Setting CVar [[r.RenderTargetPoolMin:400]]
[2020.11.10-14.10.50:278][  0]LogConfig: Setting CVar [[r.LensFlareQuality:2]]
[2020.11.10-14.10.50:279][  0]LogConfig: Setting CVar [[r.SceneColorFringeQuality:1]]
[2020.11.10-14.10.50:279][  0]LogConfig: Setting CVar [[r.EyeAdaptationQuality:2]]
[2020.11.10-14.10.50:279][  0]LogConfig: Setting CVar [[r.BloomQuality:5]]
[2020.11.10-14.10.50:279][  0]LogConfig: Setting CVar [[r.FastBlurThreshold:100]]
[2020.11.10-14.10.50:279][  0]LogConfig: Setting CVar [[r.Upscale.Quality:3]]
[2020.11.10-14.10.50:279][  0]LogConfig: Setting CVar [[r.Tonemapper.GrainQuantization:1]]
[2020.11.10-14.10.50:279][  0]LogConfig: Setting CVar [[r.LightShaftQuality:1]]
[2020.11.10-14.10.50:279][  0]LogConfig: Setting CVar [[r.Filter.SizeScale:1]]
[2020.11.10-14.10.50:279][  0]LogConfig: Setting CVar [[r.Tonemapper.Quality:5]]
[2020.11.10-14.10.50:279][  0]LogConfig: Setting CVar [[r.DOF.Gather.AccumulatorQuality:1        ; higher gathering accumulator quality]]
[2020.11.10-14.10.50:279][  0]LogConfig: Setting CVar [[r.DOF.Gather.PostfilterMethod:1          ; Median3x3 postfilering method]]
[2020.11.10-14.10.50:279][  0]LogConfig: Setting CVar [[r.DOF.Gather.EnableBokehSettings:0       ; no bokeh simulation when gathering]]
[2020.11.10-14.10.50:279][  0]LogConfig: Setting CVar [[r.DOF.Gather.RingCount:4                 ; medium number of samples when gathering]]
[2020.11.10-14.10.50:279][  0]LogConfig: Setting CVar [[r.DOF.Scatter.ForegroundCompositing:1    ; additive foreground scattering]]
[2020.11.10-14.10.50:279][  0]LogConfig: Setting CVar [[r.DOF.Scatter.BackgroundCompositing:2    ; additive background scattering]]
[2020.11.10-14.10.50:279][  0]LogConfig: Setting CVar [[r.DOF.Scatter.EnableBokehSettings:1      ; bokeh simulation when scattering]]
[2020.11.10-14.10.50:279][  0]LogConfig: Setting CVar [[r.DOF.Scatter.MaxSpriteRatio:0.1         ; only a maximum of 10% of scattered bokeh]]
[2020.11.10-14.10.50:279][  0]LogConfig: Setting CVar [[r.DOF.Recombine.Quality:1                ; cheap slight out of focus]]
[2020.11.10-14.10.50:279][  0]LogConfig: Setting CVar [[r.DOF.Recombine.EnableBokehSettings:0    ; no bokeh simulation on slight out of focus]]
[2020.11.10-14.10.50:279][  0]LogConfig: Setting CVar [[r.DOF.TemporalAAQuality:1                ; more stable temporal accumulation]]
[2020.11.10-14.10.50:279][  0]LogConfig: Setting CVar [[r.DOF.Kernel.MaxForegroundRadius:0.025]]
[2020.11.10-14.10.50:279][  0]LogConfig: Setting CVar [[r.DOF.Kernel.MaxBackgroundRadius:0.025]]
[2020.11.10-14.10.50:279][  0]LogConfig: Applying CVar settings from Section [TextureQuality@3] File [C:/Users/Acer/Documents/Unreal Projects/Architecture_Explorer/ArchitectureExplorer/Saved/Config/Windows/Scalability.ini]
[2020.11.10-14.10.50:279][  0]LogConfig: Setting CVar [[r.Streaming.MipBias:0]]
[2020.11.10-14.10.50:279][  0]LogConfig: Setting CVar [[r.Streaming.AmortizeCPUToGPUCopy:0]]
[2020.11.10-14.10.50:279][  0]LogConfig: Setting CVar [[r.Streaming.MaxNumTexturesToStreamPerFrame:0]]
[2020.11.10-14.10.50:279][  0]LogConfig: Setting CVar [[r.Streaming.Boost:1]]
[2020.11.10-14.10.50:279][  0]LogConfig: Setting CVar [[r.MaxAnisotropy:8]]
[2020.11.10-14.10.50:279][  0]LogConfig: Setting CVar [[r.VT.MaxAnisotropy:8]]
[2020.11.10-14.10.50:279][  0]LogConfig: Setting CVar [[r.Streaming.LimitPoolSizeToVRAM:0]]
[2020.11.10-14.10.50:279][  0]LogConfig: Setting CVar [[r.Streaming.PoolSize:1000]]
[2020.11.10-14.10.50:279][  0]LogConfig: Setting CVar [[r.Streaming.MaxEffectiveScreenSize:0]]
[2020.11.10-14.10.50:279][  0]LogConfig: Applying CVar settings from Section [EffectsQuality@3] File [C:/Users/Acer/Documents/Unreal Projects/Architecture_Explorer/ArchitectureExplorer/Saved/Config/Windows/Scalability.ini]
[2020.11.10-14.10.50:279][  0]LogConfig: Setting CVar [[r.TranslucencyLightingVolumeDim:64]]
[2020.11.10-14.10.50:279][  0]LogConfig: Setting CVar [[r.RefractionQuality:2]]
[2020.11.10-14.10.50:279][  0]LogConfig: Setting CVar [[r.SSR.Quality:3]]
[2020.11.10-14.10.50:279][  0]LogConfig: Setting CVar [[r.SSR.HalfResSceneColor:0]]
[2020.11.10-14.10.50:279][  0]LogConfig: Setting CVar [[r.SceneColorFormat:4]]
[2020.11.10-14.10.50:279][  0]LogConfig: Setting CVar [[r.DetailMode:2]]
[2020.11.10-14.10.50:279][  0]LogConfig: Setting CVar [[r.TranslucencyVolumeBlur:1]]
[2020.11.10-14.10.50:279][  0]LogConfig: Setting CVar [[r.MaterialQualityLevel:1 ; High quality]]
[2020.11.10-14.10.50:279][  0]LogConfig: Setting CVar [[r.SSS.Scale:1]]
[2020.11.10-14.10.50:279][  0]LogConfig: Setting CVar [[r.SSS.SampleSet:2]]
[2020.11.10-14.10.50:279][  0]LogConfig: Setting CVar [[r.SSS.Quality:1]]
[2020.11.10-14.10.50:279][  0]LogConfig: Setting CVar [[r.SSS.HalfRes:0]]
[2020.11.10-14.10.50:279][  0]LogConfig: Setting CVar [[r.SSGI.Quality:3]]
[2020.11.10-14.10.50:279][  0]LogConfig: Setting CVar [[r.EmitterSpawnRateScale:1.0]]
[2020.11.10-14.10.50:279][  0]LogConfig: Setting CVar [[r.ParticleLightQuality:2]]
[2020.11.10-14.10.50:279][  0]LogConfig: Setting CVar [[r.SkyAtmosphere.AerialPerspectiveLUT.FastApplyOnOpaque:1 ; Always have FastSkyLUT 1 in this case to avoid wrong sky]]
[2020.11.10-14.10.50:279][  0]LogConfig: Setting CVar [[r.SkyAtmosphere.AerialPerspectiveLUT.SampleCountPerSlice:1]]
[2020.11.10-14.10.50:279][  0]LogConfig: Setting CVar [[r.SkyAtmosphere.AerialPerspectiveLUT.DepthResolution:16.0]]
[2020.11.10-14.10.50:279][  0]LogConfig: Setting CVar [[r.SkyAtmosphere.FastSkyLUT:1]]
[2020.11.10-14.10.50:279][  0]LogConfig: Setting CVar [[r.SkyAtmosphere.FastSkyLUT.SampleCountMin:4.0]]
[2020.11.10-14.10.50:279][  0]LogConfig: Setting CVar [[r.SkyAtmosphere.FastSkyLUT.SampleCountMax:32.0]]
[2020.11.10-14.10.50:279][  0]LogConfig: Setting CVar [[r.SkyAtmosphere.SampleCountMin:4.0]]
[2020.11.10-14.10.50:279][  0]LogConfig: Setting CVar [[r.SkyAtmosphere.SampleCountMax:32.0]]
[2020.11.10-14.10.50:279][  0]LogConfig: Setting CVar [[r.SkyAtmosphere.TransmittanceLUT.UseSmallFormat:0]]
[2020.11.10-14.10.50:279][  0]LogConfig: Setting CVar [[r.SkyAtmosphere.TransmittanceLUT.SampleCount:10.0]]
[2020.11.10-14.10.50:279][  0]LogConfig: Setting CVar [[r.SkyAtmosphere.MultiScatteringLUT.SampleCount:15.0]]
[2020.11.10-14.10.50:279][  0]LogConfig: Applying CVar settings from Section [FoliageQuality@3] File [C:/Users/Acer/Documents/Unreal Projects/Architecture_Explorer/ArchitectureExplorer/Saved/Config/Windows/Scalability.ini]
[2020.11.10-14.10.50:279][  0]LogConfig: Setting CVar [[foliage.DensityScale:1.0]]
[2020.11.10-14.10.50:279][  0]LogConfig: Setting CVar [[grass.DensityScale:1.0]]
[2020.11.10-14.10.50:279][  0]LogConfig: Applying CVar settings from Section [ShadingQuality@3] File [C:/Users/Acer/Documents/Unreal Projects/Architecture_Explorer/ArchitectureExplorer/Saved/Config/Windows/Scalability.ini]
[2020.11.10-14.10.50:279][  0]LogConfig: Setting CVar [[r.HairStrands.SkyLighting.SampleCount:16]]
[2020.11.10-14.10.50:279][  0]LogConfig: Setting CVar [[r.HairStrands.SkyLighting.JitterIntegration:0]]
[2020.11.10-14.10.50:279][  0]LogConfig: Setting CVar [[r.HairStrands.SkyAO.SampleCount:16]]
[2020.11.10-14.10.50:279][  0]LogConfig: Setting CVar [[r.HairStrands.DeepShadow.SuperSampling:0]]
[2020.11.10-14.10.50:279][  0]LogConfig: Setting CVar [[r.HairStrands.VisibilityPPLL:0]]
[2020.11.10-14.10.50:279][  0]LogConfig: Setting CVar [[r.HairStrands.RasterizationScale:0.5]]
[2020.11.10-14.10.50:279][  0]LogConfig: Setting CVar [[r.HairStrands.VelocityRasterizationScale:1]]
[2020.11.10-14.10.50:279][  0]LogInit: Selected Device Profile: [Windows]
[2020.11.10-14.10.50:279][  0]LogInit: Applying CVar settings loaded from the selected device profile: [Windows]
[2020.11.10-14.10.50:279][  0]LogHAL: Display: Platform has ~ 16 GB [17106481152 / 17179869184 / 16], which maps to Larger [LargestMinGB=32, LargerMinGB=12, DefaultMinGB=8, SmallerMinGB=6, SmallestMinGB=0)
[2020.11.10-14.10.50:280][  0]LogInit: Going up to parent DeviceProfile []
[2020.11.10-14.10.50:280][  0]LogConfig: Applying CVar settings from Section [ViewDistanceQuality@3] File [C:/Users/Acer/Documents/Unreal Projects/Architecture_Explorer/ArchitectureExplorer/Saved/Config/Windows/Scalability.ini]
[2020.11.10-14.10.50:280][  0]LogConfig: Setting CVar [[r.SkeletalMeshLODBias:0]]
[2020.11.10-14.10.50:280][  0]LogConfig: Setting CVar [[r.ViewDistanceScale:1.0]]
[2020.11.10-14.10.50:280][  0]LogConfig: Applying CVar settings from Section [AntiAliasingQuality@3] File [C:/Users/Acer/Documents/Unreal Projects/Architecture_Explorer/ArchitectureExplorer/Saved/Config/Windows/Scalability.ini]
[2020.11.10-14.10.50:280][  0]LogConfig: Setting CVar [[r.PostProcessAAQuality:4]]
[2020.11.10-14.10.50:280][  0]LogConfig: Applying CVar settings from Section [ShadowQuality@3] File [C:/Users/Acer/Documents/Unreal Projects/Architecture_Explorer/ArchitectureExplorer/Saved/Config/Windows/Scalability.ini]
[2020.11.10-14.10.50:280][  0]LogConfig: Setting CVar [[r.LightFunctionQuality:1]]
[2020.11.10-14.10.50:280][  0]LogConfig: Setting CVar [[r.ShadowQuality:5]]
[2020.11.10-14.10.50:280][  0]LogConfig: Setting CVar [[r.Shadow.CSM.MaxCascades:10]]
[2020.11.10-14.10.50:280][  0]LogConfig: Setting CVar [[r.Shadow.MaxResolution:2048]]
[2020.11.10-14.10.50:280][  0]LogConfig: Setting CVar [[r.Shadow.MaxCSMResolution:2048]]
[2020.11.10-14.10.50:280][  0]LogConfig: Setting CVar [[r.Shadow.RadiusThreshold:0.01]]
[2020.11.10-14.10.50:280][  0]LogConfig: Setting CVar [[r.Shadow.DistanceScale:1.0]]
[2020.11.10-14.10.50:280][  0]LogConfig: Setting CVar [[r.Shadow.CSM.TransitionScale:1.0]]
[2020.11.10-14.10.50:280][  0]LogConfig: Setting CVar [[r.Shadow.PreShadowResolutionFactor:1.0]]
[2020.11.10-14.10.50:280][  0]LogConfig: Setting CVar [[r.DistanceFieldShadowing:1]]
[2020.11.10-14.10.50:280][  0]LogConfig: Setting CVar [[r.DistanceFieldAO:1]]
[2020.11.10-14.10.50:280][  0]LogConfig: Setting CVar [[r.AOQuality:2]]
[2020.11.10-14.10.50:280][  0]LogConfig: Setting CVar [[r.VolumetricFog:1]]
[2020.11.10-14.10.50:280][  0]LogConfig: Setting CVar [[r.VolumetricFog.GridPixelSize:8]]
[2020.11.10-14.10.50:280][  0]LogConfig: Setting CVar [[r.VolumetricFog.GridSizeZ:128]]
[2020.11.10-14.10.50:280][  0]LogConfig: Setting CVar [[r.VolumetricFog.HistoryMissSupersampleCount:4]]
[2020.11.10-14.10.50:280][  0]LogConfig: Setting CVar [[r.LightMaxDrawDistanceScale:1]]
[2020.11.10-14.10.50:280][  0]LogConfig: Setting CVar [[r.CapsuleShadows:1]]
[2020.11.10-14.10.50:280][  0]LogConfig: Applying CVar settings from Section [PostProcessQuality@3] File [C:/Users/Acer/Documents/Unreal Projects/Architecture_Explorer/ArchitectureExplorer/Saved/Config/Windows/Scalability.ini]
[2020.11.10-14.10.50:280][  0]LogConfig: Setting CVar [[r.MotionBlurQuality:4]]
[2020.11.10-14.10.50:280][  0]LogConfig: Setting CVar [[r.AmbientOcclusionMipLevelFactor:0.4]]
[2020.11.10-14.10.50:280][  0]LogConfig: Setting CVar [[r.AmbientOcclusionMaxQuality:100]]
[2020.11.10-14.10.50:280][  0]LogConfig: Setting CVar [[r.AmbientOcclusionLevels:-1]]
[2020.11.10-14.10.50:280][  0]LogConfig: Setting CVar [[r.AmbientOcclusionRadiusScale:1.0]]
[2020.11.10-14.10.50:280][  0]LogConfig: Setting CVar [[r.DepthOfFieldQuality:2]]
[2020.11.10-14.10.50:280][  0]LogConfig: Setting CVar [[r.RenderTargetPoolMin:400]]
[2020.11.10-14.10.50:280][  0]LogConfig: Setting CVar [[r.LensFlareQuality:2]]
[2020.11.10-14.10.50:280][  0]LogConfig: Setting CVar [[r.SceneColorFringeQuality:1]]
[2020.11.10-14.10.50:280][  0]LogConfig: Setting CVar [[r.EyeAdaptationQuality:2]]
[2020.11.10-14.10.50:280][  0]LogConfig: Setting CVar [[r.BloomQuality:5]]
[2020.11.10-14.10.50:280][  0]LogConfig: Setting CVar [[r.FastBlurThreshold:100]]
[2020.11.10-14.10.50:280][  0]LogConfig: Setting CVar [[r.Upscale.Quality:3]]
[2020.11.10-14.10.50:280][  0]LogConfig: Setting CVar [[r.Tonemapper.GrainQuantization:1]]
[2020.11.10-14.10.50:280][  0]LogConfig: Setting CVar [[r.LightShaftQuality:1]]
[2020.11.10-14.10.50:280][  0]LogConfig: Setting CVar [[r.Filter.SizeScale:1]]
[2020.11.10-14.10.50:280][  0]LogConfig: Setting CVar [[r.Tonemapper.Quality:5]]
[2020.11.10-14.10.50:280][  0]LogConfig: Setting CVar [[r.DOF.Gather.AccumulatorQuality:1        ; higher gathering accumulator quality]]
[2020.11.10-14.10.50:280][  0]LogConfig: Setting CVar [[r.DOF.Gather.PostfilterMethod:1          ; Median3x3 postfilering method]]
[2020.11.10-14.10.50:280][  0]LogConfig: Setting CVar [[r.DOF.Gather.EnableBokehSettings:0       ; no bokeh simulation when gathering]]
[2020.11.10-14.10.50:280][  0]LogConfig: Setting CVar [[r.DOF.Gather.RingCount:4                 ; medium number of samples when gathering]]
[2020.11.10-14.10.50:280][  0]LogConfig: Setting CVar [[r.DOF.Scatter.ForegroundCompositing:1    ; additive foreground scattering]]
[2020.11.10-14.10.50:280][  0]LogConfig: Setting CVar [[r.DOF.Scatter.BackgroundCompositing:2    ; additive background scattering]]
[2020.11.10-14.10.50:280][  0]LogConfig: Setting CVar [[r.DOF.Scatter.EnableBokehSettings:1      ; bokeh simulation when scattering]]
[2020.11.10-14.10.50:280][  0]LogConfig: Setting CVar [[r.DOF.Scatter.MaxSpriteRatio:0.1         ; only a maximum of 10% of scattered bokeh]]
[2020.11.10-14.10.50:280][  0]LogConfig: Setting CVar [[r.DOF.Recombine.Quality:1                ; cheap slight out of focus]]
[2020.11.10-14.10.50:280][  0]LogConfig: Setting CVar [[r.DOF.Recombine.EnableBokehSettings:0    ; no bokeh simulation on slight out of focus]]
[2020.11.10-14.10.50:280][  0]LogConfig: Setting CVar [[r.DOF.TemporalAAQuality:1                ; more stable temporal accumulation]]
[2020.11.10-14.10.50:280][  0]LogConfig: Setting CVar [[r.DOF.Kernel.MaxForegroundRadius:0.025]]
[2020.11.10-14.10.50:280][  0]LogConfig: Setting CVar [[r.DOF.Kernel.MaxBackgroundRadius:0.025]]
[2020.11.10-14.10.50:280][  0]LogConfig: Applying CVar settings from Section [TextureQuality@3] File [C:/Users/Acer/Documents/Unreal Projects/Architecture_Explorer/ArchitectureExplorer/Saved/Config/Windows/Scalability.ini]
[2020.11.10-14.10.50:280][  0]LogConfig: Setting CVar [[r.Streaming.MipBias:0]]
[2020.11.10-14.10.50:280][  0]LogConfig: Setting CVar [[r.Streaming.AmortizeCPUToGPUCopy:0]]
[2020.11.10-14.10.50:280][  0]LogConfig: Setting CVar [[r.Streaming.MaxNumTexturesToStreamPerFrame:0]]
[2020.11.10-14.10.50:280][  0]LogConfig: Setting CVar [[r.Streaming.Boost:1]]
[2020.11.10-14.10.50:280][  0]LogConfig: Setting CVar [[r.MaxAnisotropy:8]]
[2020.11.10-14.10.50:280][  0]LogConfig: Setting CVar [[r.VT.MaxAnisotropy:8]]
[2020.11.10-14.10.50:280][  0]LogConfig: Setting CVar [[r.Streaming.LimitPoolSizeToVRAM:0]]
[2020.11.10-14.10.50:280][  0]LogConfig: Setting CVar [[r.Streaming.PoolSize:1000]]
[2020.11.10-14.10.50:280][  0]LogConfig: Setting CVar [[r.Streaming.MaxEffectiveScreenSize:0]]
[2020.11.10-14.10.50:280][  0]LogConfig: Applying CVar settings from Section [EffectsQuality@3] File [C:/Users/Acer/Documents/Unreal Projects/Architecture_Explorer/ArchitectureExplorer/Saved/Config/Windows/Scalability.ini]
[2020.11.10-14.10.50:280][  0]LogConfig: Setting CVar [[r.TranslucencyLightingVolumeDim:64]]
[2020.11.10-14.10.50:280][  0]LogConfig: Setting CVar [[r.RefractionQuality:2]]
[2020.11.10-14.10.50:280][  0]LogConfig: Setting CVar [[r.SSR.Quality:3]]
[2020.11.10-14.10.50:280][  0]LogConfig: Setting CVar [[r.SSR.HalfResSceneColor:0]]
[2020.11.10-14.10.50:280][  0]LogConfig: Setting CVar [[r.SceneColorFormat:4]]
[2020.11.10-14.10.50:280][  0]LogConfig: Setting CVar [[r.DetailMode:2]]
[2020.11.10-14.10.50:280][  0]LogConfig: Setting CVar [[r.TranslucencyVolumeBlur:1]]
[2020.11.10-14.10.50:280][  0]LogConfig: Setting CVar [[r.MaterialQualityLevel:1 ; High quality]]
[2020.11.10-14.10.50:280][  0]LogConfig: Setting CVar [[r.SSS.Scale:1]]
[2020.11.10-14.10.50:280][  0]LogConfig: Setting CVar [[r.SSS.SampleSet:2]]
[2020.11.10-14.10.50:280][  0]LogConfig: Setting CVar [[r.SSS.Quality:1]]
[2020.11.10-14.10.50:280][  0]LogConfig: Setting CVar [[r.SSS.HalfRes:0]]
[2020.11.10-14.10.50:280][  0]LogConfig: Setting CVar [[r.SSGI.Quality:3]]
[2020.11.10-14.10.50:281][  0]LogConfig: Setting CVar [[r.EmitterSpawnRateScale:1.0]]
[2020.11.10-14.10.50:281][  0]LogConfig: Setting CVar [[r.ParticleLightQuality:2]]
[2020.11.10-14.10.50:281][  0]LogConfig: Setting CVar [[r.SkyAtmosphere.AerialPerspectiveLUT.FastApplyOnOpaque:1 ; Always have FastSkyLUT 1 in this case to avoid wrong sky]]
[2020.11.10-14.10.50:281][  0]LogConfig: Setting CVar [[r.SkyAtmosphere.AerialPerspectiveLUT.SampleCountPerSlice:1]]
[2020.11.10-14.10.50:281][  0]LogConfig: Setting CVar [[r.SkyAtmosphere.AerialPerspectiveLUT.DepthResolution:16.0]]
[2020.11.10-14.10.50:281][  0]LogConfig: Setting CVar [[r.SkyAtmosphere.FastSkyLUT:1]]
[2020.11.10-14.10.50:281][  0]LogConfig: Setting CVar [[r.SkyAtmosphere.FastSkyLUT.SampleCountMin:4.0]]
[2020.11.10-14.10.50:281][  0]LogConfig: Setting CVar [[r.SkyAtmosphere.FastSkyLUT.SampleCountMax:32.0]]
[2020.11.10-14.10.50:281][  0]LogConfig: Setting CVar [[r.SkyAtmosphere.SampleCountMin:4.0]]
[2020.11.10-14.10.50:281][  0]LogConfig: Setting CVar [[r.SkyAtmosphere.SampleCountMax:32.0]]
[2020.11.10-14.10.50:281][  0]LogConfig: Setting CVar [[r.SkyAtmosphere.TransmittanceLUT.UseSmallFormat:0]]
[2020.11.10-14.10.50:281][  0]LogConfig: Setting CVar [[r.SkyAtmosphere.TransmittanceLUT.SampleCount:10.0]]
[2020.11.10-14.10.50:281][  0]LogConfig: Setting CVar [[r.SkyAtmosphere.MultiScatteringLUT.SampleCount:15.0]]
[2020.11.10-14.10.50:281][  0]LogConfig: Applying CVar settings from Section [FoliageQuality@3] File [C:/Users/Acer/Documents/Unreal Projects/Architecture_Explorer/ArchitectureExplorer/Saved/Config/Windows/Scalability.ini]
[2020.11.10-14.10.50:281][  0]LogConfig: Setting CVar [[foliage.DensityScale:1.0]]
[2020.11.10-14.10.50:281][  0]LogConfig: Setting CVar [[grass.DensityScale:1.0]]
[2020.11.10-14.10.50:281][  0]LogConfig: Applying CVar settings from Section [ShadingQuality@3] File [C:/Users/Acer/Documents/Unreal Projects/Architecture_Explorer/ArchitectureExplorer/Saved/Config/Windows/Scalability.ini]
[2020.11.10-14.10.50:281][  0]LogConfig: Setting CVar [[r.HairStrands.SkyLighting.SampleCount:16]]
[2020.11.10-14.10.50:281][  0]LogConfig: Setting CVar [[r.HairStrands.SkyLighting.JitterIntegration:0]]
[2020.11.10-14.10.50:281][  0]LogConfig: Setting CVar [[r.HairStrands.SkyAO.SampleCount:16]]
[2020.11.10-14.10.50:281][  0]LogConfig: Setting CVar [[r.HairStrands.DeepShadow.SuperSampling:0]]
[2020.11.10-14.10.50:281][  0]LogConfig: Setting CVar [[r.HairStrands.VisibilityPPLL:0]]
[2020.11.10-14.10.50:281][  0]LogConfig: Setting CVar [[r.HairStrands.RasterizationScale:0.5]]
[2020.11.10-14.10.50:281][  0]LogConfig: Setting CVar [[r.HairStrands.VelocityRasterizationScale:1]]
[2020.11.10-14.10.50:281][  0]LogConfig: Applying CVar settings from Section [Startup] File [../../../Engine/Config/ConsoleVariables.ini]
[2020.11.10-14.10.50:281][  0]LogConfig: Setting CVar [[net.UseAdaptiveNetUpdateFrequency:0]]
[2020.11.10-14.10.50:281][  0]LogConfig: Setting CVar [[p.chaos.AllowCreatePhysxBodies:1]]
[2020.11.10-14.10.50:281][  0]LogConfig: Setting CVar [[fx.SkipVectorVMBackendOptimizations:1]]
[2020.11.10-14.10.50:281][  0]LogConfig: Applying CVar settings from Section [ConsoleVariables] File [C:/Users/Acer/Documents/Unreal Projects/Architecture_Explorer/ArchitectureExplorer/Saved/Config/Windows/Engine.ini]
[2020.11.10-14.10.50:281][  0]LogInit: Computer: DESKTOP-ACU9HMF
[2020.11.10-14.10.50:281][  0]LogInit: User: Acer
[2020.11.10-14.10.50:281][  0]LogInit: CPU Page size=4096, Cores=8
[2020.11.10-14.10.50:281][  0]LogInit: High frequency timer resolution =10.000000 MHz
[2020.11.10-14.10.50:281][  0]LogMemory: Memory total: Physical=15.9GB (16GB approx)
[2020.11.10-14.10.50:281][  0]LogMemory: Platform Memory Stats for Windows
[2020.11.10-14.10.50:281][  0]LogMemory: Process Physical Memory: 126.56 MB used, 126.56 MB peak
[2020.11.10-14.10.50:281][  0]LogMemory: Process Virtual Memory: 106.44 MB used, 106.44 MB peak
[2020.11.10-14.10.50:281][  0]LogMemory: Physical Memory: 9624.99 MB used,  6689.02 MB free, 16314.01 MB total
[2020.11.10-14.10.50:281][  0]LogMemory: Virtual Memory: 5238.12 MB used,  134212488.00 MB free, 134217728.00 MB total
[2020.11.10-14.10.50:287][  0]LogWindows: WindowsPlatformFeatures enabled
[2020.11.10-14.10.50:335][  0]LogInit: Physics initialised using underlying interface: PhysX
[2020.11.10-14.10.50:336][  0]LogInit: Using OS detected language (ko-KR).
[2020.11.10-14.10.50:336][  0]LogInit: Using OS detected locale (ko-KR).
[2020.11.10-14.10.50:340][  0]LogTextLocalizationManager: No specific localization for 'ko-KR' exists, so the 'ko' localization will be used.
[2020.11.10-14.10.50:437][  0]LogInit: Setting process to per monitor DPI aware
[2020.11.10-14.10.50:493][  0]LogSlate: New Slate User Created.  User Index 0, Is Virtual User: 0
[2020.11.10-14.10.50:493][  0]LogSlate: Slate User Registered.  User Index 0, Is Virtual User: 0
[2020.11.10-14.10.50:651][  0]LogD3D11RHI: D3D11 min allowed feature level: 11_0
[2020.11.10-14.10.50:651][  0]LogD3D11RHI: D3D11 max allowed feature level: 11_0
[2020.11.10-14.10.50:652][  0]LogD3D11RHI: D3D11 adapters:
[2020.11.10-14.10.50:741][  0]LogD3D11RHI:    0. 'NVIDIA GeForce RTX 2080' (Feature Level 11_0)
[2020.11.10-14.10.50:741][  0]LogD3D11RHI:       8010/0/8157 MB DedicatedVideo/DedicatedSystem/SharedSystem, Outputs:2, VendorId:0x10de
[2020.11.10-14.10.50:743][  0]LogD3D11RHI:    1. 'Microsoft Basic Render Driver' (Feature Level 11_0)
[2020.11.10-14.10.50:743][  0]LogD3D11RHI:       0/0/8157 MB DedicatedVideo/DedicatedSystem/SharedSystem, Outputs:0, VendorId:0x1414
[2020.11.10-14.10.50:743][  0]LogD3D11RHI: Chosen D3D11 Adapter: 0
[2020.11.10-14.10.50:752][  0]LogD3D11RHI: Creating new Direct3DDevice
[2020.11.10-14.10.50:752][  0]LogD3D11RHI:     GPU DeviceId: 0x1e87 (for the marketing name, search the web for "GPU Device Id")
[2020.11.10-14.10.50:752][  0]LogWindows: EnumDisplayDevices:
[2020.11.10-14.10.50:752][  0]LogWindows:    0. 'NVIDIA GeForce RTX 2080' (P:1 D:1)
[2020.11.10-14.10.50:753][  0]LogWindows:    1. 'NVIDIA GeForce RTX 2080' (P:0 D:1)
[2020.11.10-14.10.50:753][  0]LogWindows:    2. 'NVIDIA GeForce RTX 2080' (P:0 D:0)
[2020.11.10-14.10.50:754][  0]LogWindows:    3. 'NVIDIA GeForce RTX 2080' (P:0 D:0)
[2020.11.10-14.10.50:754][  0]LogWindows: DebugString: FoundDriverCount:4 
[2020.11.10-14.10.50:754][  0]LogD3D11RHI:     Adapter Name: NVIDIA GeForce RTX 2080
[2020.11.10-14.10.50:754][  0]LogD3D11RHI:   Driver Version: 456.71 (internal:27.21.14.5671, unified:456.71)
[2020.11.10-14.10.50:754][  0]LogD3D11RHI:      Driver Date: 9-30-2020
[2020.11.10-14.10.50:754][  0]LogRHI: Texture pool is 5607 MB (70% of 8010 MB)
[2020.11.10-14.10.50:823][  0]LogD3D11RHI: RHI has support for 64 bit atomics
[2020.11.10-14.10.50:823][  0]LogD3D11RHI: Async texture creation enabled
[2020.11.10-14.10.50:823][  0]LogD3D11RHI: Array index from any shader is supported
[2020.11.10-14.10.50:844][  0]LogD3D11RHI: GPU Timing Frequency: 1000.000000 (Debug: 2 1)
[2020.11.10-14.10.51:159][  0]LogTargetPlatformManager: Display: Loaded TargetPlatform 'AllDesktop'
[2020.11.10-14.10.51:188][  0]LogTargetPlatformManager: Display: Loaded TargetPlatform 'Android'
[2020.11.10-14.10.51:188][  0]LogTargetPlatformManager: Display: Loaded TargetPlatform 'Android_ASTC'
[2020.11.10-14.10.51:188][  0]LogTargetPlatformManager: Display: Loaded TargetPlatform 'Android_DXT'
[2020.11.10-14.10.51:188][  0]LogTargetPlatformManager: Display: Loaded TargetPlatform 'Android_ETC2'
[2020.11.10-14.10.51:188][  0]LogTargetPlatformManager: Display: Loaded TargetPlatform 'AndroidClient'
[2020.11.10-14.10.51:188][  0]LogTargetPlatformManager: Display: Loaded TargetPlatform 'Android_ASTCClient'
[2020.11.10-14.10.51:188][  0]LogTargetPlatformManager: Display: Loaded TargetPlatform 'Android_DXTClient'
[2020.11.10-14.10.51:188][  0]LogTargetPlatformManager: Display: Loaded TargetPlatform 'Android_ETC2Client'
[2020.11.10-14.10.51:188][  0]LogTargetPlatformManager: Display: Loaded TargetPlatform 'Android_Multi'
[2020.11.10-14.10.51:188][  0]LogTargetPlatformManager: Display: Loaded TargetPlatform 'Android_MultiClient'
[2020.11.10-14.10.51:215][  0]LogTargetPlatformManager: Display: Loaded TargetPlatform 'IOSClient'
[2020.11.10-14.10.51:215][  0]LogTargetPlatformManager: Display: Loaded TargetPlatform 'IOS'
[2020.11.10-14.10.51:227][  0]LogTargetPlatformManager: Display: Loaded TargetPlatform 'Linux'
[2020.11.10-14.10.51:240][  0]LogTargetPlatformManager: Display: Loaded TargetPlatform 'LinuxNoEditor'
[2020.11.10-14.10.51:250][  0]LogTargetPlatformManager: Display: Loaded TargetPlatform 'LinuxClient'
[2020.11.10-14.10.51:261][  0]LogTargetPlatformManager: Display: Loaded TargetPlatform 'LinuxServer'
[2020.11.10-14.10.51:273][  0]LogTargetPlatformManager: Display: Loaded TargetPlatform 'LinuxAArch64NoEditor'
[2020.11.10-14.10.51:284][  0]LogTargetPlatformManager: Display: Loaded TargetPlatform 'LinuxAArch64Client'
[2020.11.10-14.10.51:295][  0]LogTargetPlatformManager: Display: Loaded TargetPlatform 'LinuxAArch64Server'
[2020.11.10-14.10.51:325][  0]LogTargetPlatformManager: Display: Loaded TargetPlatform 'Lumin'
[2020.11.10-14.10.51:325][  0]LogTargetPlatformManager: Display: Loaded TargetPlatform 'LuminClient'
[2020.11.10-14.10.51:346][  0]LogTargetPlatformManager: Display: Loaded TargetPlatform 'TVOSClient'
[2020.11.10-14.10.51:346][  0]LogTargetPlatformManager: Display: Loaded TargetPlatform 'TVOS'
[2020.11.10-14.10.51:356][  0]LogTargetPlatformManager: Display: Loaded TargetPlatform 'WindowsNoEditor'
[2020.11.10-14.10.51:367][  0]LogTargetPlatformManager: Display: Loaded TargetPlatform 'Windows'
[2020.11.10-14.10.51:379][  0]LogTargetPlatformManager: Display: Loaded TargetPlatform 'WindowsClient'
[2020.11.10-14.10.51:389][  0]LogTargetPlatformManager: Display: Loaded TargetPlatform 'WindowsServer'
[2020.11.10-14.10.51:389][  0]LogTargetPlatformManager: Display: Building Assets For Windows
[2020.11.10-14.10.51:397][  0]LogAudioDebug: Display: Lib vorbis DLL was dynamically loaded.
[2020.11.10-14.10.51:471][  0]LogShaderCompilers: Guid format shader working directory is -52 characters bigger than the processId version (../../../../../../Users/Acer/Documents/Unreal Projects/Architecture_Explorer/ArchitectureExplorer/Intermediate/Shaders/WorkingDirectory/9916/).
[2020.11.10-14.10.51:471][  0]LogShaderCompilers: Cleaned the shader compiler working directory 'C:/Users/Acer/AppData/Local/Temp/UnrealShaderWorkingDir/C505EB474484B5C22D38EA9696F7BC41/'.
[2020.11.10-14.10.51:472][  0]LogXGEController: Cannot use XGE Controller as Incredibuild is not installed on this machine.
[2020.11.10-14.10.51:472][  0]LogShaderCompilers: Cannot use XGE Shader Compiler as Incredibuild is not installed on this machine.
[2020.11.10-14.10.51:472][  0]LogShaderCompilers: Display: Using Local Shader Compiler.
[2020.11.10-14.10.52:226][  0]LogDerivedDataCache: Display: Max Cache Size: 512 MB
[2020.11.10-14.10.52:294][  0]LogDerivedDataCache: Loaded boot cache 0.07s 79MB C:/Users/Acer/AppData/Local/UnrealEngine/4.25/DerivedDataCache/Boot.ddc.
[2020.11.10-14.10.52:294][  0]LogDerivedDataCache: Display: Loaded Boot cache: C:/Users/Acer/AppData/Local/UnrealEngine/4.25/DerivedDataCache/Boot.ddc
[2020.11.10-14.10.52:294][  0]LogDerivedDataCache: FDerivedDataBackendGraph:  Pak pak cache file ../../../../../../Users/Acer/Documents/Unreal Projects/Architecture_Explorer/ArchitectureExplorer/DerivedDataCache/DDC.ddp not found, will not use a pak cache.
[2020.11.10-14.10.52:294][  0]LogDerivedDataCache: Unable to find inner node Pak for hierarchical cache Hierarchy.
[2020.11.10-14.10.52:294][  0]LogDerivedDataCache: FDerivedDataBackendGraph:  CompressedPak pak cache file ../../../../../../Users/Acer/Documents/Unreal Projects/Architecture_Explorer/ArchitectureExplorer/DerivedDataCache/Compressed.ddp not found, will not use a pak cache.
[2020.11.10-14.10.52:294][  0]LogDerivedDataCache: Unable to find inner node CompressedPak for hierarchical cache Hierarchy.
[2020.11.10-14.10.52:304][  0]LogDerivedDataCache: Display: Pak cache opened for reading ../../../Engine/DerivedDataCache/Compressed.ddp.
[2020.11.10-14.10.52:305][  0]LogDerivedDataCache: FDerivedDataBackendGraph:  EnterprisePak pak cache file ../../../Enterprise/DerivedDataCache/Compressed.ddp not found, will not use a pak cache.
[2020.11.10-14.10.52:305][  0]LogDerivedDataCache: Unable to find inner node EnterprisePak for hierarchical cache Hierarchy.
[2020.11.10-14.10.52:306][  0]LogDerivedDataCache: Using Local data cache path C:/Users/Acer/AppData/Local/UnrealEngine/Common/DerivedDataCache: Writable
[2020.11.10-14.10.52:306][  0]LogDerivedDataCache: Shared data cache path not found in *engine.ini, will not use an Shared cache.
[2020.11.10-14.10.52:306][  0]LogDerivedDataCache: Unable to find inner node Shared for hierarchical cache Hierarchy.
[2020.11.10-14.10.52:359][  0]LogSlate: Using FreeType 2.10.0
[2020.11.10-14.10.52:360][  0]LogSlate: SlateFontServices - WITH_FREETYPE: 1, WITH_HARFBUZZ: 1
[2020.11.10-14.10.52:386][  0]LogAssetRegistry: FAssetRegistry took 0.0027 seconds to start up
[2020.11.10-14.10.52:645][  0]LogInit: Selected Device Profile: [Windows]
[2020.11.10-14.10.52:757][  0]LogMeshReduction: Using QuadricMeshReduction for automatic static mesh reduction
[2020.11.10-14.10.52:757][  0]LogMeshReduction: Using SimplygonMeshReduction for automatic skeletal mesh reduction
[2020.11.10-14.10.52:757][  0]LogMeshReduction: Using ProxyLODMeshReduction for automatic mesh merging
[2020.11.10-14.10.52:757][  0]LogMeshReduction: No distributed automatic mesh merging module available
[2020.11.10-14.10.52:757][  0]LogMeshMerging: No distributed automatic mesh merging module available
[2020.11.10-14.10.52:775][  0]LogNetVersion: ArchitectureExplorer 1.0.0, NetCL: 13144385, EngineNetVer: 14, GameNetVer: 0 (Checksum: 2498555225)
[2020.11.10-14.10.53:226][  0]LogAISub: UAISubsystem::UAISubsystem AISubsystem (0000022A54288440), frame # 0
[2020.11.10-14.10.53:227][  0]LogAISub: UAISubsystem::UAISubsystem AIPerceptionSystem (0000022A541C6AC0), frame # 0
[2020.11.10-14.10.53:228][  0]LogAISub: UAISubsystem::UAISubsystem EnvQueryManager (0000022A54215E00), frame # 0
[2020.11.10-14.10.53:310][  0]LogPackageLocalizationCache: Processed 19 localized package path(s) for 1 prioritized culture(s) in 0.075038 seconds
[2020.11.10-14.10.53:316][  0]LogUObjectArray: 15917 objects as part of root set at end of initial load.
[2020.11.10-14.10.53:316][  0]LogUObjectAllocator: 3965568 out of 0 bytes used by permanent object pool.
[2020.11.10-14.10.53:316][  0]LogUObjectArray: CloseDisregardForGC: 0/0 objects in disregard for GC pool
[2020.11.10-14.10.53:701][  0]LogTcpMessaging: Initializing TcpMessaging bridge
[2020.11.10-14.10.53:705][  0]LogUdpMessaging: Initializing bridge on interface 0.0.0.0:0 to multicast group 230.0.0.1:6666.
[2020.11.10-14.10.53:819][  0]SourceControl: 소스 컨트롤이 꺼졌습니다.
[2020.11.10-14.10.53:819][  0]SourceControl: 소스 컨트롤이 꺼졌습니다.
[2020.11.10-14.10.53:823][  0]SourceControl: 소스 컨트롤이 꺼졌습니다.
[2020.11.10-14.10.53:826][  0]SourceControl: 소스 컨트롤이 꺼졌습니다.
[2020.11.10-14.10.53:833][  0]SourceControl: 소스 컨트롤이 꺼졌습니다.
[2020.11.10-14.10.54:141][  0]LogAndroidPermission: UAndroidPermissionCallbackProxy::GetInstance
[2020.11.10-14.10.54:166][  0]LogAudioCaptureCore: Display: No Audio Capture implementations found. Audio input will be silent.
[2020.11.10-14.10.54:166][  0]LogAudioCaptureCore: Display: No Audio Capture implementations found. Audio input will be silent.
[2020.11.10-14.10.54:223][  0]LogOcInput: OculusInput pre-init called
[2020.11.10-14.10.54:483][  0]LogEngine: Initializing Engine...
[2020.11.10-14.10.54:486][  0]LogHMD: Oculus plugin initialized. Version: 4.25.4-14469661+++UE4+Release-4.25, OVRPlugin: 1.44.0
[2020.11.10-14.10.54:487][  0]LogStats: UGameplayTagsManager::InitializeManager -  0.000 s
[2020.11.10-14.10.54:618][  0]LogInit: Initializing FReadOnlyCVARCache
[2020.11.10-14.10.54:627][  0]LogAIModule: Creating AISystem for world Untitled
[2020.11.10-14.10.54:627][  0]LogAISub: UAISubsystem::UAISubsystem EnvQueryManager (0000022A5CC9FC00), frame # 0
[2020.11.10-14.10.54:627][  0]LogAISub: UAISubsystem::UAISubsystem AIPerceptionSystem (0000022A5CCABB00), frame # 0
[2020.11.10-14.10.54:648][  0]LogAudioMixer: Display: Audio Mixer Platform Settings:
[2020.11.10-14.10.54:648][  0]LogAudioMixer: Display: 	Sample Rate:						  48000
[2020.11.10-14.10.54:648][  0]LogAudioMixer: Display: 	Callback Buffer Frame Size Requested: 1024
[2020.11.10-14.10.54:648][  0]LogAudioMixer: Display: 	Callback Buffer Frame Size To Use:	  1024
[2020.11.10-14.10.54:648][  0]LogAudioMixer: Display: 	Number of buffers to queue:			  2
[2020.11.10-14.10.54:648][  0]LogAudioMixer: Display: 	Max Channels (voices):				  32
[2020.11.10-14.10.54:648][  0]LogAudioMixer: Display: 	Number of Async Source Workers:		  0
[2020.11.10-14.10.54:648][  0]LogAudio: Display: AudioDevice MaxSources: 32
[2020.11.10-14.10.54:648][  0]LogAudio: Display: Using built-in audio occlusion.
[2020.11.10-14.10.54:648][  0]LogAudioMixer: Display: Initializing audio mixer.
[2020.11.10-14.10.54:665][  0]LogAudioMixer: Display: 0: FrontLeft
[2020.11.10-14.10.54:665][  0]LogAudioMixer: Display: 1: FrontRight
[2020.11.10-14.10.54:696][  0]LogAudioMixer: Display: Using Audio Device 스피커(High Definition Audio Device)
[2020.11.10-14.10.54:703][  0]LogAudioMixer: Display: Initializing Sound Submixes...
[2020.11.10-14.10.54:706][  0]LogAudioMixer: Display: Creating Master Submix 'MasterSubmixDefault'
[2020.11.10-14.10.54:706][  0]LogAudioMixer: Display: Creating Master Submix 'MasterReverbSubmixDefault'
[2020.11.10-14.10.54:707][  0]LogAudioMixer: Display: Creating Master Submix 'MasterEQSubmixDefault'
[2020.11.10-14.10.54:708][  0]LogInit: FAudioDevice initialized.
[2020.11.10-14.10.54:708][  0]LogNetVersion: Set ProjectVersion to 1.0.0.0. Version Checksum will be recalculated on next use.
[2020.11.10-14.10.54:802][  0]LogDerivedDataCache: Saved boot cache 0.09s 79MB C:/Users/Acer/AppData/Local/UnrealEngine/4.25/DerivedDataCache/Boot.ddc.
[2020.11.10-14.10.54:806][  0]LogInit: Texture streaming: Enabled
[2020.11.10-14.10.54:823][  0]LogEngineSessionManager: EngineSessionManager initialized
[2020.11.10-14.10.54:823][  0]LogEditorSessionSummary: Verbose: Initializing EditorSessionSummaryWriter for editor session tracking
[2020.11.10-14.10.54:825][  0]LogEditorSessionSummary: EditorSessionSummaryWriter initialized
[2020.11.10-14.10.54:901][  0]LogInit: Transaction tracking system initialized
[2020.11.10-14.10.54:932][  0]BlueprintLog: New page: 에디터 로드
[2020.11.10-14.10.55:027][  0]LocalizationService: 현지화 서비스가 비활성화되었습니다.
[2020.11.10-14.10.55:207][  0]LogCook: Display: Max memory allowance for cook 16384mb min free memory 0mb
[2020.11.10-14.10.55:207][  0]LogCook: Display: Mobile HDR setting 1
[2020.11.10-14.10.55:308][  0]LogFileCache: Scanning file cache for directory 'C:/Users/Acer/Documents/Unreal Projects/Architecture_Explorer/ArchitectureExplorer/Content/' took 0.01s
[2020.11.10-14.10.55:560][  0]SourceControl: 소스 컨트롤이 꺼졌습니다.
[2020.11.10-14.10.55:560][  0]LogUnrealEdMisc: Loading editor; pre map load, took 7.319
[2020.11.10-14.10.55:560][  0]Cmd: MAP LOAD FILE="../../../../../../Users/Acer/Documents/Unreal Projects/Architecture_Explorer/ArchitectureExplorer/Content/MainMap.umap" TEMPLATE=0 SHOWPROGRESS=1 FEATURELEVEL=3
[2020.11.10-14.10.55:570][  0]LightingResults: New page: 라이팅 빌드
[2020.11.10-14.10.55:571][  0]LogWorld: UWorld::CleanupWorld for Untitled, bSessionEnded=true, bCleanupResources=true
[2020.11.10-14.10.55:572][  0]LogSlate: InvalidateAllWidgets triggered.  All widgets were invalidated
[2020.11.10-14.10.55:572][  0]MapCheck: New page: 맵 체크
[2020.11.10-14.10.55:572][  0]LightingResults: New page: 라이팅 빌드
[2020.11.10-14.10.55:586][  0]LogAISub: UAISubsystem::~UAISubsystem EnvQueryManager (0000022A5CC9FC00), frame # 0
[2020.11.10-14.10.55:586][  0]LogAISub: UAISubsystem::~UAISubsystem AIPerceptionSystem (0000022A5CCABB00), frame # 0
[2020.11.10-14.10.55:587][  0]LogUObjectHash: Compacting FUObjectHashTables data took   0.93ms
[2020.11.10-14.10.56:574][  0]LogBlueprint: Warning: [Compiler BP_Security_Screen_Button] InputAction Event 가  ButtonPress 입력 액션  에 대해 알려지지 않은 'ButtonPress' 액션을 참조합니다.
[2020.11.10-14.11.02:338][  0]LogAIModule: Creating AISystem for world MainMap
[2020.11.10-14.11.02:338][  0]LogAISub: UAISubsystem::UAISubsystem EnvQueryManager (0000022A6A208800), frame # 0
[2020.11.10-14.11.02:338][  0]LogAISub: UAISubsystem::UAISubsystem AIPerceptionSystem (0000022A7135B9C0), frame # 0
[2020.11.10-14.11.02:488][  0]LogEditorServer: Finished looking for orphan Actors (0.000 secs)
[2020.11.10-14.11.02:521][  0]LogUObjectHash: Compacting FUObjectHashTables data took   1.24ms
[2020.11.10-14.11.02:524][  0]Cmd: MAP CHECKDEP NOCLEARLOG
[2020.11.10-14.11.02:524][  0]MapCheck: 맵 체크 완료: 오류 0 회, 경고 0 회, 소요 시간 0.289ms.
[2020.11.10-14.11.02:524][  0]LogFileHelpers: Loading map 'MainMap' took 6.964
[2020.11.10-14.11.02:529][  0]LogUnrealEdMisc: Total Editor Startup Time, took 14.287
[2020.11.10-14.11.02:760][  0]LogSlate: Updating window title bar state: overlay mode, drag disabled, window buttons hidden, title bar hidden
[2020.11.10-14.11.02:770][  0]LogSlate: Updating window title bar state: overlay mode, drag disabled, window buttons hidden, title bar hidden
[2020.11.10-14.11.02:777][  0]LogSlate: Updating window title bar state: overlay mode, drag disabled, window buttons hidden, title bar hidden
[2020.11.10-14.11.02:785][  0]LogSlate: Updating window title bar state: overlay mode, drag disabled, window buttons hidden, title bar hidden
[2020.11.10-14.11.02:801][  0]LogCollectionManager: Loaded 0 collections in 0.002219 seconds
[2020.11.10-14.11.02:845][  0]LogFileCache: Scanning file cache for directory 'C:/Users/Acer/Documents/Unreal Projects/Architecture_Explorer/ArchitectureExplorer/Saved/Collections/' took 0.00s
[2020.11.10-14.11.02:845][  0]LogFileCache: Scanning file cache for directory 'C:/Users/Acer/Documents/Unreal Projects/Architecture_Explorer/ArchitectureExplorer/Content/Developers/Acer/Collections/' took 0.00s
[2020.11.10-14.11.02:845][  0]LogFileCache: Scanning file cache for directory 'C:/Users/Acer/Documents/Unreal Projects/Architecture_Explorer/ArchitectureExplorer/Content/Collections/' took 0.00s
[2020.11.10-14.11.02:845][  0]LogContentBrowser: Native class hierarchy populated in 0.0141 seconds. Added 3429 classes and 823 folders.
[2020.11.10-14.11.02:859][  0]LogContentBrowser: Native class hierarchy updated for 'WidgetCarousel' in 0.0005 seconds. Added 0 classes and 0 folders.
[2020.11.10-14.11.03:250][  0]LogContentBrowser: Native class hierarchy updated for 'AddContentDialog' in 0.0004 seconds. Added 0 classes and 0 folders.
[2020.11.10-14.11.03:267][  0]LogContentBrowser: Native class hierarchy updated for 'SceneOutliner' in 0.0009 seconds. Added 2 classes and 0 folders.
[2020.11.10-14.11.03:579][  0]LogSlate: Took 0.000303 seconds to synchronously load lazily loaded font '../../../Engine/Content/Slate/Fonts/Roboto-Regular.ttf' (155K)
[2020.11.10-14.11.03:582][  0]LogSlate: Took 0.002633 seconds to synchronously load lazily loaded font '../../../Engine/Content/Editor/Slate/Fonts/NanumGothic.ttf' (4243K)
[2020.11.10-14.11.03:589][  0]LogSlate: Took 0.002792 seconds to synchronously load lazily loaded font '../../../Engine/Content/Editor/Slate/Fonts/NanumGothicBold.ttf' (4188K)
[2020.11.10-14.11.03:590][  0]LogSlate: Took 0.000436 seconds to synchronously load lazily loaded font '../../../Engine/Content/Slate/Fonts/Roboto-Bold.ttf' (160K)
[2020.11.10-14.11.03:601][  0]LogSlate: Took 0.006801 seconds to synchronously load lazily loaded font '../../../Engine/Content/Editor/Slate/Fonts/FontAwesome.ttf' (139K)
[2020.11.10-14.11.03:738][  0]LogRenderer: Reallocating scene render targets to support 912x572 Format 10 NumSamples 1 (Frame:1).
[2020.11.10-14.11.03:904][  0]LogSlate: Took 0.007115 seconds to synchronously load lazily loaded font '../../../Engine/Content/Slate/Fonts/Roboto-Light.ttf' (167K)
[2020.11.10-14.11.03:974][  0]LogContentBrowser: Native class hierarchy updated for 'HierarchicalLODOutliner' in 0.0005 seconds. Added 0 classes and 0 folders.
[2020.11.10-14.11.03:974][  0]LogLoad: (Engine Initialization) Total time: 15.73 seconds
[2020.11.10-14.11.03:974][  0]LogLoad: (Engine Initialization) Total Blueprint compile time: 0.00 seconds
[2020.11.10-14.11.03:992][  0]LogOcInput: OculusInput is initialized
[2020.11.10-14.11.04:037][  0]LogAssetRegistry: Asset discovery search completed in 11.6513 seconds
[2020.11.10-14.11.04:040][  0]LogCollectionManager: Fixed up redirectors for 0 collections in 0.000002 seconds (updated 0 objects)
[2020.11.10-14.11.04:043][  0]LogContentStreaming: Texture pool size now 1000 MB
[2020.11.10-14.12.23:323][485]LogSlate: Took 0.000262 seconds to synchronously load lazily loaded font '../../../Engine/Content/Slate/Fonts/Roboto-Light.ttf' (167K)
[2020.11.10-14.12.23:338][485]LogAssetEditorSubsystem: Opening Asset editor for Class /Script/ArchitectureExplorer.VRCharacter
[2020.11.10-14.25.18:376][777]LogHotReload: New module detected: UE4Editor-ArchitectureExplorer-0186.dll
[2020.11.10-14.25.19:072][780]LogHotReload: Starting Hot-Reload from IDE
[2020.11.10-14.25.19:122][780]LogClass: Could not find existing class VRCharacter in package /Script/ArchitectureExplorer for HotReload, assuming new class
[2020.11.10-14.25.19:137][780]LogHotReload: Re-instancing VRCharacter after hot-reload.
[2020.11.10-14.25.19:169][780]LogContentBrowser: Native class hierarchy updated for 'ArchitectureExplorer' in 0.0005 seconds. Added 2 classes and 2 folders.
[2020.11.10-14.25.19:170][780]Display: HotReload successful (0 functions remapped  0 scriptstructs remapped)
[2020.11.10-14.25.19:223][780]LogContentBrowser: Native class hierarchy populated in 0.0105 seconds. Added 3429 classes and 823 folders.
[2020.11.10-14.25.19:229][780]Display: HotReload took  0.2s.
[2020.11.10-14.25.28:792][266]LogAssetEditorSubsystem: Opening Asset editor for Blueprint /Game/BP_VRCharacter.BP_VRCharacter
[2020.11.10-14.25.29:360][266]LogContentBrowser: Native class hierarchy updated for 'BlueprintGraph' in 0.0008 seconds. Added 125 classes and 0 folders.
[2020.11.10-14.25.30:486][266]LogSlate: Took 0.000192 seconds to synchronously load lazily loaded font '../../../Engine/Content/Slate/Fonts/Roboto-BoldCondensed.ttf' (158K)
[2020.11.10-14.25.30:598][267]LogSlate: Took 0.008490 seconds to synchronously load lazily loaded font '../../../Engine/Content/Slate/Fonts/Roboto-Italic.ttf' (157K)
[2020.11.10-14.25.56:652][639]LogTemp: Repeating last play command: VR 프리뷰
[2020.11.10-14.25.56:687][639]LogPlayLevel: PlayLevel: No blueprints needed recompiling
[2020.11.10-14.25.56:687][639]LogHMD: Initializing OVRPlugin session
[2020.11.10-14.25.56:863][639]LogHMD: Allocating Oculus 4704 x 2368 rendertarget swapchain
[2020.11.10-14.25.56:865][639]PIE: New page: PIE 세션: MainMap (2020. 11. 11. 오전 8:25:56)
[2020.11.10-14.25.56:868][639]LogOnline: OSS: Creating online subsystem instance for: NULL
[2020.11.10-14.25.56:870][639]LogOnline: OSS: TryLoadSubsystemAndSetDefault: Loaded subsystem for module [NULL]
[2020.11.10-14.25.56:871][639]LogPlayLevel: Creating play world package: /Game/UEDPIE_0_MainMap
[2020.11.10-14.25.56:946][639]LogPlayLevel: PIE: StaticDuplicateObject took: (0.074432s)
[2020.11.10-14.25.56:947][639]LogAIModule: Creating AISystem for world MainMap
[2020.11.10-14.25.56:948][639]LogAISub: UAISubsystem::UAISubsystem EnvQueryManager (0000022AA3914A00), frame # 3639
[2020.11.10-14.25.56:948][639]LogAISub: UAISubsystem::UAISubsystem AIPerceptionSystem (0000022AA38F7D80), frame # 3639
[2020.11.10-14.25.56:949][639]LogPlayLevel: PIE: World Init took: (0.002473s)
[2020.11.10-14.25.56:949][639]LogPlayLevel: PIE: Created PIE world by copying editor world from /Game/MainMap.MainMap to /Game/UEDPIE_0_MainMap.MainMap (0.077208s)
[2020.11.10-14.25.56:977][639]LogUObjectHash: Compacting FUObjectHashTables data took   2.41ms
[2020.11.10-14.25.56:983][639]LogAudioMixer: Display: Audio Mixer Platform Settings:
[2020.11.10-14.25.56:983][639]LogAudioMixer: Display: 	Sample Rate:						  48000
[2020.11.10-14.25.56:983][639]LogAudioMixer: Display: 	Callback Buffer Frame Size Requested: 1024
[2020.11.10-14.25.56:983][639]LogAudioMixer: Display: 	Callback Buffer Frame Size To Use:	  1024
[2020.11.10-14.25.56:983][639]LogAudioMixer: Display: 	Number of buffers to queue:			  2
[2020.11.10-14.25.56:983][639]LogAudioMixer: Display: 	Max Channels (voices):				  32
[2020.11.10-14.25.56:983][639]LogAudioMixer: Display: 	Number of Async Source Workers:		  0
[2020.11.10-14.25.56:983][639]LogAudio: Display: AudioDevice MaxSources: 32
[2020.11.10-14.25.56:983][639]LogAudio: Display: Using built-in audio occlusion.
[2020.11.10-14.25.56:983][639]LogAudioMixer: Display: Initializing audio mixer.
[2020.11.10-14.25.56:986][639]LogAudioMixer: Display: 0: FrontLeft
[2020.11.10-14.25.56:986][639]LogAudioMixer: Display: 1: FrontRight
[2020.11.10-14.25.56:987][639]LogAudioMixer: Display: 0: FrontLeft
[2020.11.10-14.25.56:987][639]LogAudioMixer: Display: 1: FrontRight
[2020.11.10-14.25.56:988][639]LogAudioMixer: Display: 0: FrontLeft
[2020.11.10-14.25.56:989][639]LogAudioMixer: Display: 1: FrontRight
[2020.11.10-14.25.56:991][639]LogAudioMixer: Display: 0: FrontLeft
[2020.11.10-14.25.56:991][639]LogAudioMixer: Display: 1: FrontRight
[2020.11.10-14.25.57:011][639]LogAudioMixer: Display: Using Audio Device 헤드폰(Oculus Virtual Audio Device)
[2020.11.10-14.25.57:011][639]LogAudioMixer: Display: Initializing Sound Submixes...
[2020.11.10-14.25.57:011][639]LogAudioMixer: Display: Creating Master Submix 'MasterSubmixDefault'
[2020.11.10-14.25.57:011][639]LogAudioMixer: Display: Creating Master Submix 'MasterReverbSubmixDefault'
[2020.11.10-14.25.57:012][639]LogAudioMixer: Display: Creating Master Submix 'MasterEQSubmixDefault'
[2020.11.10-14.25.57:025][639]LogInit: FAudioDevice initialized.
[2020.11.10-14.25.57:037][639]LogSlate: Updating window title bar state: overlay mode, drag disabled, window buttons hidden, title bar hidden
[2020.11.10-14.25.57:099][639]LogLoad: Game class is 'BP_VRGameMode_C'
[2020.11.10-14.25.57:123][639]LogWorld: Bringing World /Game/UEDPIE_0_MainMap.MainMap up for play (max tick rate 0) at 2020.11.10-23.25.57
[2020.11.10-14.25.57:125][639]LogWorld: Bringing up level for play took: 0.016714
[2020.11.10-14.25.57:126][639]LogOnline: OSS: Creating online subsystem instance for: :Context_4
[2020.11.10-14.25.57:139][639]LogContentBrowser: Native class hierarchy updated for 'MovieSceneCapture' in 0.0009 seconds. Added 20 classes and 0 folders.
[2020.11.10-14.25.57:157][639]PIE: 서버가 로그인했습니다.
[2020.11.10-14.25.57:158][639]PIE: 에디터에서 플레이 총 시작 시간 0.478초입니다.
[2020.11.10-14.25.57:161][639]LogEngine: Changing dynamic resolution state.
[2020.11.10-14.25.57:236][639]LogRenderer: Warning: Resizing VR buffer to 4704 by 2368
[2020.11.10-14.25.57:236][639]LogRenderer: Reallocating scene render targets to support 4704x2368 Format 10 NumSamples 1 (Frame:1).
[2020.11.10-14.25.57:236][639]LogHMD: Allocating Oculus 4704 x 2368 depth rendertarget swapchain
[2020.11.10-14.27.38:355][522]LogSlate: Updating window title bar state: overlay mode, drag disabled, window buttons hidden, title bar hidden
[2020.11.10-14.27.38:355][522]LogWorld: BeginTearingDown for /Game/UEDPIE_0_MainMap
[2020.11.10-14.27.38:360][522]LogSlate: Window 'ArchitectureExplorer 프리뷰 [NetMode: Standalone] (64-bit/Windows) OculusHMD' being destroyed
[2020.11.10-14.27.38:405][522]LogWorld: UWorld::CleanupWorld for MainMap, bSessionEnded=true, bCleanupResources=true
[2020.11.10-14.27.38:408][522]LogSlate: InvalidateAllWidgets triggered.  All widgets were invalidated
[2020.11.10-14.27.38:419][522]LogPlayLevel: Display: Shutting down PIE online subsystems
[2020.11.10-14.27.38:425][522]LogSlate: InvalidateAllWidgets triggered.  All widgets were invalidated
[2020.11.10-14.27.38:481][522]LogAISub: UAISubsystem::~UAISubsystem EnvQueryManager (0000022AA3914A00), frame # 5522
[2020.11.10-14.27.38:481][522]LogAISub: UAISubsystem::~UAISubsystem AIPerceptionSystem (0000022AA38F7D80), frame # 5522
[2020.11.10-14.27.38:485][522]LogUObjectHash: Compacting FUObjectHashTables data took   4.23ms
[2020.11.10-14.27.38:609][523]LogPlayLevel: Display: Destroying online subsystem :Context_4
[2020.11.10-14.27.38:615][523]LogEngine: Changing dynamic resolution state.
[2020.11.10-14.27.46:646][547]LogHotReload: New module detected: UE4Editor-ArchitectureExplorer-0187.dll
[2020.11.10-14.27.47:337][550]LogHotReload: Starting Hot-Reload from IDE
[2020.11.10-14.27.47:393][550]LogClass: Could not find existing class VRCharacter in package /Script/ArchitectureExplorer for HotReload, assuming new class
[2020.11.10-14.27.47:410][550]LogHotReload: Re-instancing VRCharacter after hot-reload.
[2020.11.10-14.27.47:466][550]LogContentBrowser: Native class hierarchy updated for 'ArchitectureExplorer' in 0.0007 seconds. Added 2 classes and 2 folders.
[2020.11.10-14.27.47:472][550]Display: HotReload successful (0 functions remapped  0 scriptstructs remapped)
[2020.11.10-14.27.47:553][550]LogContentBrowser: Native class hierarchy populated in 0.0118 seconds. Added 3429 classes and 823 folders.
[2020.11.10-14.27.47:557][550]Display: HotReload took  0.2s.
[2020.11.10-14.28.05:884][882]LogTemp: Repeating last play command: VR 프리뷰
[2020.11.10-14.28.05:908][882]LogPlayLevel: PlayLevel: No blueprints needed recompiling
[2020.11.10-14.28.05:908][882]LogHMD: Initializing OVRPlugin session
[2020.11.10-14.28.06:070][882]LogHMD: Allocating Oculus 4704 x 2368 rendertarget swapchain
[2020.11.10-14.28.06:072][882]PIE: New page: PIE 세션: MainMap (2020. 11. 11. 오전 8:28:06)
[2020.11.10-14.28.06:072][882]LogPlayLevel: Creating play world package: /Game/UEDPIE_0_MainMap
[2020.11.10-14.28.06:163][882]LogPlayLevel: PIE: StaticDuplicateObject took: (0.090253s)
[2020.11.10-14.28.06:164][882]LogAIModule: Creating AISystem for world MainMap
[2020.11.10-14.28.06:164][882]LogAISub: UAISubsystem::UAISubsystem EnvQueryManager (0000022AA53CA600), frame # 5882
[2020.11.10-14.28.06:164][882]LogAISub: UAISubsystem::UAISubsystem AIPerceptionSystem (0000022AA53F1E40), frame # 5882
[2020.11.10-14.28.06:165][882]LogPlayLevel: PIE: World Init took: (0.002165s)
[2020.11.10-14.28.06:165][882]LogPlayLevel: PIE: Created PIE world by copying editor world from /Game/MainMap.MainMap to /Game/UEDPIE_0_MainMap.MainMap (0.092652s)
[2020.11.10-14.28.06:250][882]LogUObjectHash: Compacting FUObjectHashTables data took   5.88ms
[2020.11.10-14.28.06:252][882]LogAudioMixer: Display: Audio Mixer Platform Settings:
[2020.11.10-14.28.06:252][882]LogAudioMixer: Display: 	Sample Rate:						  48000
[2020.11.10-14.28.06:252][882]LogAudioMixer: Display: 	Callback Buffer Frame Size Requested: 1024
[2020.11.10-14.28.06:252][882]LogAudioMixer: Display: 	Callback Buffer Frame Size To Use:	  1024
[2020.11.10-14.28.06:252][882]LogAudioMixer: Display: 	Number of buffers to queue:			  2
[2020.11.10-14.28.06:252][882]LogAudioMixer: Display: 	Max Channels (voices):				  32
[2020.11.10-14.28.06:252][882]LogAudioMixer: Display: 	Number of Async Source Workers:		  0
[2020.11.10-14.28.06:252][882]LogAudio: Display: AudioDevice MaxSources: 32
[2020.11.10-14.28.06:253][882]LogAudio: Display: Using built-in audio occlusion.
[2020.11.10-14.28.06:253][882]LogAudioMixer: Display: Initializing audio mixer.
[2020.11.10-14.28.06:256][882]LogAudioMixer: Display: 0: FrontLeft
[2020.11.10-14.28.06:256][882]LogAudioMixer: Display: 1: FrontRight
[2020.11.10-14.28.06:257][882]LogAudioMixer: Display: 0: FrontLeft
[2020.11.10-14.28.06:257][882]LogAudioMixer: Display: 1: FrontRight
[2020.11.10-14.28.06:258][882]LogAudioMixer: Display: 0: FrontLeft
[2020.11.10-14.28.06:258][882]LogAudioMixer: Display: 1: FrontRight
[2020.11.10-14.28.06:260][882]LogAudioMixer: Display: 0: FrontLeft
[2020.11.10-14.28.06:260][882]LogAudioMixer: Display: 1: FrontRight
[2020.11.10-14.28.06:276][882]LogAudioMixer: Display: Using Audio Device 헤드폰(Oculus Virtual Audio Device)
[2020.11.10-14.28.06:276][882]LogAudioMixer: Display: Initializing Sound Submixes...
[2020.11.10-14.28.06:276][882]LogAudioMixer: Display: Creating Master Submix 'MasterSubmixDefault'
[2020.11.10-14.28.06:277][882]LogAudioMixer: Display: Creating Master Submix 'MasterReverbSubmixDefault'
[2020.11.10-14.28.06:277][882]LogAudioMixer: Display: Creating Master Submix 'MasterEQSubmixDefault'
[2020.11.10-14.28.06:288][882]LogInit: FAudioDevice initialized.
[2020.11.10-14.28.06:300][882]LogSlate: Updating window title bar state: overlay mode, drag disabled, window buttons hidden, title bar hidden
[2020.11.10-14.28.06:347][882]LogLoad: Game class is 'BP_VRGameMode_C'
[2020.11.10-14.28.06:362][882]LogWorld: Bringing World /Game/UEDPIE_0_MainMap.MainMap up for play (max tick rate 0) at 2020.11.10-23.28.06
[2020.11.10-14.28.06:363][882]LogWorld: Bringing up level for play took: 0.015330
[2020.11.10-14.28.06:363][882]LogOnline: OSS: Creating online subsystem instance for: :Context_6
[2020.11.10-14.28.06:373][882]PIE: 서버가 로그인했습니다.
[2020.11.10-14.28.06:375][882]PIE: 에디터에서 플레이 총 시작 시간 0.469초입니다.
[2020.11.10-14.28.06:375][882]LogEngine: Changing dynamic resolution state.
[2020.11.10-14.28.06:455][882]LogHMD: Allocating Oculus 4704 x 2368 depth rendertarget swapchain
[2020.11.10-14.29.03:474][479]LogSlate: Updating window title bar state: overlay mode, drag disabled, window buttons hidden, title bar hidden
[2020.11.10-14.29.03:474][479]LogWorld: BeginTearingDown for /Game/UEDPIE_0_MainMap
[2020.11.10-14.29.03:474][479]LogSlate: Window 'ArchitectureExplorer 프리뷰 [NetMode: Standalone] (64-bit/Windows) OculusHMD' being destroyed
[2020.11.10-14.29.03:503][479]LogWorld: UWorld::CleanupWorld for MainMap, bSessionEnded=true, bCleanupResources=true
[2020.11.10-14.29.03:505][479]LogSlate: InvalidateAllWidgets triggered.  All widgets were invalidated
[2020.11.10-14.29.03:517][479]LogPlayLevel: Display: Shutting down PIE online subsystems
[2020.11.10-14.29.03:521][479]LogSlate: InvalidateAllWidgets triggered.  All widgets were invalidated
[2020.11.10-14.29.03:570][479]LogAISub: UAISubsystem::~UAISubsystem EnvQueryManager (0000022AA53CA600), frame # 6479
[2020.11.10-14.29.03:570][479]LogAISub: UAISubsystem::~UAISubsystem AIPerceptionSystem (0000022AA53F1E40), frame # 6479
[2020.11.10-14.29.03:573][479]LogUObjectHash: Compacting FUObjectHashTables data took   3.16ms
[2020.11.10-14.29.03:621][480]LogPlayLevel: Display: Destroying online subsystem :Context_6
[2020.11.10-14.29.03:629][480]LogEngine: Changing dynamic resolution state.
[2020.11.10-15.45.10:701][183]LogHotReload: New module detected: UE4Editor-ArchitectureExplorer-0188.dll
[2020.11.10-15.45.11:382][186]LogHotReload: Starting Hot-Reload from IDE
[2020.11.10-15.45.11:619][186]LogClass: Could not find existing class VRCharacter in package /Script/ArchitectureExplorer for HotReload, assuming new class
[2020.11.10-15.45.11:653][186]LogHotReload: Re-instancing VRCharacter after hot-reload.
[2020.11.10-15.45.11:755][186]LogContentBrowser: Native class hierarchy updated for 'ArchitectureExplorer' in 0.0017 seconds. Added 2 classes and 2 folders.
[2020.11.10-15.45.11:760][186]Display: HotReload successful (0 functions remapped  0 scriptstructs remapped)
[2020.11.10-15.45.11:868][186]LogContentBrowser: Native class hierarchy populated in 0.0189 seconds. Added 3429 classes and 823 folders.
[2020.11.10-15.45.11:874][186]Display: HotReload took  0.5s.
[2020.11.10-15.49.07:953][892]LogHotReload: New module detected: UE4Editor-ArchitectureExplorer-0189.dll
[2020.11.10-15.49.08:646][895]LogHotReload: Starting Hot-Reload from IDE
[2020.11.10-15.49.08:704][895]LogContentBrowser: Native class hierarchy updated for 'ArchitectureExplorer' in 0.0005 seconds. Added 2 classes and 2 folders.
[2020.11.10-15.49.08:710][895]Display: HotReload successful (0 functions remapped  0 scriptstructs remapped)
[2020.11.10-15.49.10:919][895]LogThreadingWindows: Error: Runnable thread PoolThread 49 crashed.
[2020.11.10-15.49.10:919][895]LogWindows: Error: === Critical error: ===
[2020.11.10-15.49.10:919][895]LogWindows: Error: 
[2020.11.10-15.49.10:919][895]LogWindows: Error: Fatal error!
[2020.11.10-15.49.10:919][895]LogWindows: Error: 
[2020.11.10-15.49.10:920][895]LogWindows: Error: Unhandled Exception: EXCEPTION_ACCESS_VIOLATION reading address 0x00000018
[2020.11.10-15.49.10:920][895]LogWindows: Error: 
[2020.11.10-15.49.10:920][895]LogWindows: Error: [Callstack] 0x00007ffeccf90de8 UE4Editor-CoreUObject.dll!UnknownFunction []
[2020.11.10-15.49.10:920][895]LogWindows: Error: [Callstack] 0x00007ffecd085a85 UE4Editor-CoreUObject.dll!UnknownFunction []
[2020.11.10-15.49.10:920][895]LogWindows: Error: [Callstack] 0x00007ffecd086052 UE4Editor-CoreUObject.dll!UnknownFunction []
[2020.11.10-15.49.10:920][895]LogWindows: Error: [Callstack] 0x00007ffecd08486a UE4Editor-CoreUObject.dll!UnknownFunction []
[2020.11.10-15.49.10:920][895]LogWindows: Error: [Callstack] 0x00007ffecd083cfe UE4Editor-CoreUObject.dll!UnknownFunction []
[2020.11.10-15.49.10:920][895]LogWindows: Error: [Callstack] 0x00007ffeb2d6c39c UE4Editor-HotReload.dll!UnknownFunction []
[2020.11.10-15.49.10:920][895]LogWindows: Error: [Callstack] 0x00007ffeb2d6c13e UE4Editor-HotReload.dll!UnknownFunction []
[2020.11.10-15.49.10:920][895]LogWindows: Error: [Callstack] 0x00007ffecc24630d UE4Editor-Core.dll!UnknownFunction []
[2020.11.10-15.49.10:920][895]LogWindows: Error: [Callstack] 0x00007ffecc6104db UE4Editor-Core.dll!UnknownFunction []
[2020.11.10-15.49.10:920][895]LogWindows: Error: [Callstack] 0x00007ffecc607eb0 UE4Editor-Core.dll!UnknownFunction []
[2020.11.10-15.49.10:920][895]LogWindows: Error: [Callstack] 0x00007fff5cfd7034 KERNEL32.DLL!UnknownFunction []
[2020.11.10-15.49.10:920][895]LogWindows: Error: [Callstack] 0x00007fff5d8fcec1 ntdll.dll!UnknownFunction []
[2020.11.10-15.49.10:920][895]LogWindows: Error: 
[2020.11.10-15.49.10:920][895]LogWindows: Error: Crash in runnable thread PoolThread 49
[2020.11.10-15.49.10:958][895]LogExit: Executing StaticShutdownAfterError
[2020.11.10-15.49.10:958][895]LogWindows: FPlatformMisc::RequestExit(1)
[2020.11.10-15.49.10:958][895]LogCore: Engine exit requested (reason: Win RequestExit)
[2020.11.10-15.49.10:965][895]Log file closed, 11/11/20 00:49:10
